#
# A fatal error has been detected by the Java Runtime Environment:
#
#  SIGSEGV (0xb) at pc=0x00007f6da2aa5e48, pid=7596, tid=0x00007f6d822d0700
#
# JRE version: OpenJDK Runtime Environment (8.0_242-b08) (build 1.8.0_242-8u242-b08-0ubuntu3~16.04-b08)
# Java VM: OpenJDK 64-Bit Server VM (25.242-b08 mixed mode linux-amd64 compressed oops)
# Problematic frame:
# V  [libjvm.so+0x4bee48]
#
# Failed to write core dump. Core dumps have been disabled. To enable core dumping, try "ulimit -c unlimited" before starting Java again
#
# If you would like to submit a bug report, please visit:
#   http://bugreport.java.com/bugreport/crash.jsp
#

---------------  T H R E A D  ---------------

Current thread (0x00007f6d9c149000):  VMThread [stack: 0x00007f6d821d0000,0x00007f6d822d1000] [id=7604]

siginfo: si_signo: 11 (SIGSEGV), si_code: 1 (SEGV_MAPERR), si_addr: 0x0000000000000010

Registers:
RAX=0x0000000000000000, RBX=0x00000000000000bb, RCX=0x0000000000000002, RDX=0x0000000000000000
RSP=0x00007f6d822cf810, RBP=0x00007f6d822cf810, RSI=0x0000000000000031, RDI=0x00007f6d28f20c60
R8 =0x00007f6da350e0e0, R9 =0x00007f6d28f21068, R10=0x0000000000000003, R11=0x0000000000000002
R12=0x00007f6da41d5490, R13=0x0000000000000031, R14=0x00000000000000bb, R15=0x00007f6d28f21030
RIP=0x00007f6da2aa5e48, EFLAGS=0x0000000000010246, CSGSFS=0x002b000000000033, ERR=0x0000000000000004
  TRAPNO=0x000000000000000e

Top of Stack: (sp=0x00007f6d822cf810)
0x00007f6d822cf810:   00007f6d822cf8c0 00007f6da2e3fb6f
0x00007f6d822cf820:   00007f6d9c0584c0 00007f6d8cc2b020
0x00007f6d822cf830:   00007f6da351fee4 00007f6d9c148800
0x00007f6d822cf840:   00007f6d822cf870 00007f6da2a6670d
0x00007f6d822cf850:   00007f6d822cf8b0 00007f6d9c0584b0
0x00007f6d822cf860:   00007f6d9c058898 00007f6d9c0584c0
0x00007f6d822cf870:   00007f6d822cf8c0 00007f6da2f3bbb2
0x00007f6d822cf880:   00007f6d822cf8a0 d3998db839203500
0x00007f6d822cf890:   00007f6d822cf8d0 00000000000000bb
0x00007f6d822cf8a0:   00000000000000bb 00007f6da350e8a0
0x00007f6d822cf8b0:   00007f6d28f21030 00000000000000bb
0x00007f6d822cf8c0:   00007f6d822cf980 00007f6da2e41c66
0x00007f6d822cf8d0:   0000000000000000 00007f6d8d71d128
0x00007f6d822cf8e0:   00007f6d8d71d128 00007f6d28f20420
0x00007f6d822cf8f0:   00007f6d9c149000 0000000300000000
0x00007f6d822cf900:   000000bb0000000a 000000bba2010000
0x00007f6d822cf910:   00007f6d8d71d140 00007f6d28f21068
0x00007f6d822cf920:   00007f6d9c149000 0000000300000000
0x00007f6d822cf930:   000000bb0000000a 000000bb8d710000
0x00007f6d822cf940:   00007f6da3460d50 d3998db839203500
0x00007f6d822cf950:   00007f6d8d71d270 0000000000000000
0x00007f6d822cf960:   0000000000000000 0000000000000000
0x00007f6d822cf970:   00007f6d28f20420 00007f6d822cfa80
0x00007f6d822cf980:   00007f6d822cfa30 00007f6da2d33788
0x00007f6d822cf990:   00007f6d9c0087a0 00007f6da2e33285
0x00007f6d822cf9a0:   00007f6d8d71cfd0 00000001003007b8
0x00007f6d822cf9b0:   00000000822cfac0 00007f6da3515b10
0x00007f6d822cf9c0:   0000000000000000 00000000003007b8
0x00007f6d822cf9d0:   00007f6d9c149000 00007f6d81cc6990
0x00007f6d822cf9e0:   00007f6d822cfa30 00007f6da2d334e4
0x00007f6d822cf9f0:   00007f6d822cfa30 d3998db839203500
0x00007f6d822cfa00:   00007f6d9c149000 00000001003007b8 

Instructions: (pc=0x00007f6da2aa5e48)
0x00007f6da2aa5e28:   50 48 8b 00 48 89 e5 48 89 45 f8 48 8b 55 f8 48
0x00007f6da2aa5e38:   89 d0 48 83 e0 fe f6 c2 01 74 05 5d c3 0f 1f 00
0x00007f6da2aa5e48:   48 8b 42 10 5d c3 66 90 55 48 89 e5 41 54 53 48
0x00007f6da2aa5e58:   63 de 49 89 fc 48 83 ec 10 85 db 78 4b 49 8b 44 

Register to memory mapping:

RAX=0x0000000000000000 is an unknown value
RBX=0x00000000000000bb is an unknown value
RCX=0x0000000000000002 is an unknown value
RDX=0x0000000000000000 is an unknown value
RSP=0x00007f6d822cf810 is an unknown value
RBP=0x00007f6d822cf810 is an unknown value
RSI=0x0000000000000031 is an unknown value
RDI=0x00007f6d28f20c60 is pointing into metadata
R8 =0x00007f6da350e0e0: <offset 0xf270e0> in /usr/lib/jvm/java-8-openjdk-amd64/jre/lib/amd64/server/libjvm.so at 0x00007f6da25e7000
R9 ={method} {0x00007f6d28f21068} 'prodducer' '(Ljava/lang/String;)V' in 'com/saraha/demo/controller/SocialFacebookController'
R10=0x0000000000000003 is an unknown value
R11=0x0000000000000002 is an unknown value
R12=0x00007f6da41d5490 is an unknown value
R13=0x0000000000000031 is an unknown value
R14=0x00000000000000bb is an unknown value
R15=0x00007f6d28f21030 is pointing into metadata


Stack: [0x00007f6d821d0000,0x00007f6d822d1000],  sp=0x00007f6d822cf810,  free space=1022k
Native frames: (J=compiled Java code, j=interpreted, Vv=VM code, C=native code)
V  [libjvm.so+0x4bee48]
V  [libjvm.so+0x858b6f]
V  [libjvm.so+0x85ac66]
V  [libjvm.so+0x74c788]
V  [libjvm.so+0x74df52]
V  [libjvm.so+0x74e544]
V  [libjvm.so+0xa81b57]
V  [libjvm.so+0xa7f3b7]
V  [libjvm.so+0xa8069f]
V  [libjvm.so+0xa80bc2]
V  [libjvm.so+0x8c5d82]

VM_Operation (0x00007f6d81cc6990): RedefineClasses, mode: safepoint, requested by thread 0x00007f6d9c195800, redefining class com.saraha.demo.controller.SocialFacebookController



---------------  P R O C E S S  ---------------

Java Threads: ( => current thread )
  0x00007f6d38005000 JavaThread "JMX server connection timeout 47" daemon [_thread_blocked, id=8141, stack(0x00007f6d28dea000,0x00007f6d28eeb000)]
  0x00007f6d34003800 JavaThread "RMI TCP Connection(idle)" daemon [_thread_blocked, id=7983, stack(0x00007f6d2bdfe000,0x00007f6d2beff000)]
  0x00007f6d38001800 JavaThread "JMX server connection timeout 44" daemon [_thread_blocked, id=7866, stack(0x00007f6d2aff8000,0x00007f6d2b0f9000)]
  0x00007f6d34001800 JavaThread "RMI TCP Connection(6)-127.0.0.1" daemon [_thread_in_native, id=7864, stack(0x00007f6d780fe000,0x00007f6d781ff000)]
  0x00007f6d9c014800 JavaThread "DestroyJavaVM" [_thread_blocked, id=7598, stack(0x00007f6da4256000,0x00007f6da4357000)]
  0x00007f6d9de3d000 JavaThread "http-nio-8080-Acceptor" daemon [_thread_in_native, id=7656, stack(0x00007f6d292eb000,0x00007f6d293ec000)]
  0x00007f6d9de3a800 JavaThread "http-nio-8080-ClientPoller" daemon [_thread_in_native, id=7655, stack(0x00007f6d293ec000,0x00007f6d294ed000)]
  0x00007f6d9de38000 JavaThread "http-nio-8080-exec-10" daemon [_thread_blocked, id=7654, stack(0x00007f6d294ed000,0x00007f6d295ee000)]
  0x00007f6d9de36000 JavaThread "http-nio-8080-exec-9" daemon [_thread_blocked, id=7653, stack(0x00007f6d295ee000,0x00007f6d296ef000)]
  0x00007f6d9de34000 JavaThread "http-nio-8080-exec-8" daemon [_thread_blocked, id=7652, stack(0x00007f6d296ef000,0x00007f6d297f0000)]
  0x00007f6d9de32000 JavaThread "http-nio-8080-exec-7" daemon [_thread_blocked, id=7651, stack(0x00007f6d297f0000,0x00007f6d298f1000)]
  0x00007f6d9de30000 JavaThread "http-nio-8080-exec-6" daemon [_thread_blocked, id=7650, stack(0x00007f6d298f1000,0x00007f6d299f2000)]
  0x00007f6d9de2e000 JavaThread "http-nio-8080-exec-5" daemon [_thread_blocked, id=7649, stack(0x00007f6d299f2000,0x00007f6d29af3000)]
  0x00007f6d9de2c000 JavaThread "http-nio-8080-exec-4" daemon [_thread_blocked, id=7648, stack(0x00007f6d29af3000,0x00007f6d29bf4000)]
  0x00007f6d9de2a000 JavaThread "http-nio-8080-exec-3" daemon [_thread_blocked, id=7647, stack(0x00007f6d29bf4000,0x00007f6d29cf5000)]
  0x00007f6d9de28000 JavaThread "http-nio-8080-exec-2" daemon [_thread_blocked, id=7646, stack(0x00007f6d29cf5000,0x00007f6d29df6000)]
  0x00007f6d9de27000 JavaThread "http-nio-8080-exec-1" daemon [_thread_blocked, id=7645, stack(0x00007f6d29df6000,0x00007f6d29ef7000)]
  0x00007f6d9de25800 JavaThread "http-nio-8080-BlockPoller" daemon [_thread_in_native, id=7644, stack(0x00007f6d29ef7000,0x00007f6d29ff8000)]
  0x00007f6d9d408000 JavaThread "HikariPool-1 housekeeper" daemon [_thread_blocked, id=7640, stack(0x00007f6d2b0f9000,0x00007f6d2b1fa000)]
  0x00007f6d9d2a0800 JavaThread "mysql-cj-abandoned-connection-cleanup" daemon [_thread_blocked, id=7639, stack(0x00007f6d2b7fa000,0x00007f6d2b8fb000)]
  0x00007f6d9d27d000 JavaThread "container-0" [_thread_blocked, id=7638, stack(0x00007f6d2b8fb000,0x00007f6d2b9fc000)]
  0x00007f6d20003000 JavaThread "Catalina-utility-2" [_thread_blocked, id=7637, stack(0x00007f6d2b9fc000,0x00007f6d2bafd000)]
  0x00007f6d9d276000 JavaThread "Catalina-utility-1" [_thread_blocked, id=7636, stack(0x00007f6d2bafd000,0x00007f6d2bbfe000)]
  0x00007f6d3000a000 JavaThread "RMI Scheduler(0)" daemon [_thread_blocked, id=7633, stack(0x00007f6d2beff000,0x00007f6d2c000000)]
  0x00007f6d5c001000 JavaThread "Attach Listener" daemon [_thread_blocked, id=7629, stack(0x00007f6d80221000,0x00007f6d80322000)]
  0x00007f6d9c876000 JavaThread "RMI TCP Accept-0" daemon [_thread_in_native, id=7624, stack(0x00007f6d80823000,0x00007f6d80924000)]
  0x00007f6d9c86b800 JavaThread "RMI TCP Accept-45205" daemon [_thread_in_native, id=7623, stack(0x00007f6d80924000,0x00007f6d80a25000)]
  0x00007f6d9c859800 JavaThread "RMI TCP Accept-0" daemon [_thread_in_native, id=7622, stack(0x00007f6d80a25000,0x00007f6d80b26000)]
  0x00007f6d9c752800 JavaThread "Service Thread" daemon [_thread_blocked, id=7621, stack(0x00007f6d80d30000,0x00007f6d80e31000)]
  0x00007f6d9c73d000 JavaThread "C1 CompilerThread2" daemon [_thread_blocked, id=7620, stack(0x00007f6d80e31000,0x00007f6d80f32000)]
  0x00007f6d9c73b000 JavaThread "C2 CompilerThread1" daemon [_thread_blocked, id=7619, stack(0x00007f6d80f32000,0x00007f6d81033000)]
  0x00007f6d9c739800 JavaThread "C2 CompilerThread0" daemon [_thread_blocked, id=7618, stack(0x00007f6d81033000,0x00007f6d81134000)]
  0x00007f6d60001000 JavaThread "JDWP Command Reader" daemon [_thread_in_native, id=7616, stack(0x00007f6d819c5000,0x00007f6d81ac6000)]
  0x00007f6d9c199000 JavaThread "JDWP Event Helper Thread" daemon [_thread_blocked, id=7614, stack(0x00007f6d81ac6000,0x00007f6d81bc7000)]
  0x00007f6d9c195800 JavaThread "JDWP Transport Listener: dt_socket" daemon [_thread_blocked, id=7612, stack(0x00007f6d81bc7000,0x00007f6d81cc8000)]
  0x00007f6d9c187000 JavaThread "Signal Dispatcher" daemon [_thread_blocked, id=7610, stack(0x00007f6d81ecd000,0x00007f6d81fce000)]
  0x00007f6d9c157800 JavaThread "Finalizer" daemon [_thread_blocked, id=7609, stack(0x00007f6d81fce000,0x00007f6d820cf000)]
  0x00007f6d9c153000 JavaThread "Reference Handler" daemon [_thread_blocked, id=7606, stack(0x00007f6d820cf000,0x00007f6d821d0000)]

Other Threads:
=>0x00007f6d9c149000 VMThread [stack: 0x00007f6d821d0000,0x00007f6d822d1000] [id=7604]
  0x00007f6d9c878800 WatcherThread [stack: 0x00007f6d80722000,0x00007f6d80823000] [id=7625]

VM state:at safepoint (normal execution)

VM Mutex/Monitor currently owned by a thread:  ([mutex/lock_event])
[0x00007f6d9c010c20] Threads_lock - owner thread: 0x00007f6d9c149000

heap address: 0x0000000084c00000, size: 1972 MB, Compressed Oops mode: 32-bit
Narrow klass base: 0x0000000000000000, Narrow klass shift: 3
Compressed class space size: 1073741824 Address: 0x0000000100000000

Heap:
 PSYoungGen      total 345088K, used 183406K [0x00000000d6f00000, 0x00000000ed480000, 0x0000000100000000)
  eden space 332288K, 55% used [0x00000000d6f00000,0x00000000e221b850,0x00000000eb380000)
  from space 12800K, 0% used [0x00000000ec800000,0x00000000ec800000,0x00000000ed480000)
  to   space 16384K, 0% used [0x00000000eb480000,0x00000000eb480000,0x00000000ec480000)
 ParOldGen       total 122368K, used 30416K [0x0000000084c00000, 0x000000008c380000, 0x00000000d6f00000)
  object space 122368K, 24% used [0x0000000084c00000,0x00000000869b4250,0x000000008c380000)
 Metaspace       used 61469K, capacity 64568K, committed 64856K, reserved 1105920K
  class space    used 8476K, capacity 9027K, committed 9088K, reserved 1048576K

Card table byte_map: [0x00007f6d8c44a000,0x00007f6d8c825000] byte_map_base: 0x00007f6d8c024000

Marking Bits: (ParMarkBitMap*) 0x00007f6da351f5c0
 Begin Bits: [0x00007f6d88014000, 0x00007f6d89ee4000)
 End Bits:   [0x00007f6d89ee4000, 0x00007f6d8bdb4000)

Polling page: 0x00007f6da4373000

CodeCache: size=245760Kb used=11478Kb max_used=11478Kb free=234281Kb
 bounds [0x00007f6d8cbe5000, 0x00007f6d8d725000, 0x00007f6d9bbe5000]
 total_blobs=6344 nmethods=5778 adapters=487
 compilation: enabled

Compilation events (10 events):
Event: 209.566 Thread 0x00007f6d9c73d000 5854       1       java.lang.Long::hashCode (8 bytes)
Event: 209.566 Thread 0x00007f6d9c73d000 nmethod 5854 0x00007f6d8d71c3d0 code [0x00007f6d8d71c520, 0x00007f6d8d71c650]
Event: 209.566 Thread 0x00007f6d9c73d000 5855       1       java.lang.Long::hashCode (8 bytes)
Event: 209.567 Thread 0x00007f6d9c73d000 nmethod 5855 0x00007f6d8d71c6d0 code [0x00007f6d8d71c820, 0x00007f6d8d71c910]
Event: 209.568 Thread 0x00007f6d9c73d000 5856       1       com.sun.jmx.remote.internal.ServerCommunicatorAdmin::access$100 (5 bytes)
Event: 209.568 Thread 0x00007f6d9c73d000 nmethod 5856 0x00007f6d8d71c990 code [0x00007f6d8d71cae0, 0x00007f6d8d71cbd0]
Event: 209.570 Thread 0x00007f6d9c73d000 5857       1       java.io.ObjectOutputStream::writeShort (9 bytes)
Event: 209.570 Thread 0x00007f6d9c73d000 nmethod 5857 0x00007f6d8d71cc50 code [0x00007f6d8d71cdc0, 0x00007f6d8d71cf08]
Event: 209.570 Thread 0x00007f6d9c73d000 5858       1       java.io.FilterInputStream::read (8 bytes)
Event: 209.570 Thread 0x00007f6d9c73d000 nmethod 5858 0x00007f6d8d71cfd0 code [0x00007f6d8d71d140, 0x00007f6d8d71d288]

GC Heap History (10 events):
Event: 5.729 GC heap before
{Heap before GC invocations=11 (full 1):
 PSYoungGen      total 208896K, used 36925K [0x00000000d6f00000, 0x00000000e8200000, 0x0000000100000000)
  eden space 199168K, 13% used [0x00000000d6f00000,0x00000000d89945d8,0x00000000e3180000)
  from space 9728K, 99% used [0x00000000e3180000,0x00000000e3afb070,0x00000000e3b00000)
  to   space 12288K, 0% used [0x00000000e7600000,0x00000000e7600000,0x00000000e8200000)
 ParOldGen       total 51712K, used 10003K [0x0000000084c00000, 0x0000000087e80000, 0x00000000d6f00000)
  object space 51712K, 19% used [0x0000000084c00000,0x00000000855c4ff0,0x0000000087e80000)
 Metaspace       used 33586K, capacity 35364K, committed 35416K, reserved 1079296K
  class space    used 4353K, capacity 4704K, committed 4736K, reserved 1048576K
Event: 5.740 GC heap after
Heap after GC invocations=11 (full 1):
 PSYoungGen      total 269824K, used 5646K [0x00000000d6f00000, 0x00000000e8e00000, 0x0000000100000000)
  eden space 257536K, 0% used [0x00000000d6f00000,0x00000000d6f00000,0x00000000e6a80000)
  from space 12288K, 45% used [0x00000000e7600000,0x00000000e7b83908,0x00000000e8200000)
  to   space 11776K, 0% used [0x00000000e6a80000,0x00000000e6a80000,0x00000000e7600000)
 ParOldGen       total 51712K, used 14162K [0x0000000084c00000, 0x0000000087e80000, 0x00000000d6f00000)
  object space 51712K, 27% used [0x0000000084c00000,0x00000000859d4948,0x0000000087e80000)
 Metaspace       used 33586K, capacity 35364K, committed 35416K, reserved 1079296K
  class space    used 4353K, capacity 4704K, committed 4736K, reserved 1048576K
}
Event: 5.740 GC heap before
{Heap before GC invocations=12 (full 2):
 PSYoungGen      total 269824K, used 5646K [0x00000000d6f00000, 0x00000000e8e00000, 0x0000000100000000)
  eden space 257536K, 0% used [0x00000000d6f00000,0x00000000d6f00000,0x00000000e6a80000)
  from space 12288K, 45% used [0x00000000e7600000,0x00000000e7b83908,0x00000000e8200000)
  to   space 11776K, 0% used [0x00000000e6a80000,0x00000000e6a80000,0x00000000e7600000)
 ParOldGen       total 51712K, used 14162K [0x0000000084c00000, 0x0000000087e80000, 0x00000000d6f00000)
  object space 51712K, 27% used [0x0000000084c00000,0x00000000859d4948,0x0000000087e80000)
 Metaspace       used 33586K, capacity 35364K, committed 35416K, reserved 1079296K
  class space    used 4353K, capacity 4704K, committed 4736K, reserved 1048576K
Event: 5.825 GC heap after
Heap after GC invocations=12 (full 2):
 PSYoungGen      total 269824K, used 0K [0x00000000d6f00000, 0x00000000e8e00000, 0x0000000100000000)
  eden space 257536K, 0% used [0x00000000d6f00000,0x00000000d6f00000,0x00000000e6a80000)
  from space 12288K, 0% used [0x00000000e7600000,0x00000000e7600000,0x00000000e8200000)
  to   space 11776K, 0% used [0x00000000e6a80000,0x00000000e6a80000,0x00000000e7600000)
 ParOldGen       total 80384K, used 14352K [0x0000000084c00000, 0x0000000089a80000, 0x00000000d6f00000)
  object space 80384K, 17% used [0x0000000084c00000,0x0000000085a04140,0x0000000089a80000)
 Metaspace       used 33586K, capacity 35364K, committed 35416K, reserved 1079296K
  class space    used 4353K, capacity 4704K, committed 4736K, reserved 1048576K
}
Event: 8.011 GC heap before
{Heap before GC invocations=13 (full 2):
 PSYoungGen      total 269824K, used 257536K [0x00000000d6f00000, 0x00000000e8e00000, 0x0000000100000000)
  eden space 257536K, 100% used [0x00000000d6f00000,0x00000000e6a80000,0x00000000e6a80000)
  from space 12288K, 0% used [0x00000000e7600000,0x00000000e7600000,0x00000000e8200000)
  to   space 11776K, 0% used [0x00000000e6a80000,0x00000000e6a80000,0x00000000e7600000)
 ParOldGen       total 80384K, used 14352K [0x0000000084c00000, 0x0000000089a80000, 0x00000000d6f00000)
  object space 80384K, 17% used [0x0000000084c00000,0x0000000085a04140,0x0000000089a80000)
 Metaspace       used 48083K, capacity 50102K, committed 50264K, reserved 1093632K
  class space    used 6542K, capacity 6947K, committed 7040K, reserved 1048576K
Event: 8.029 GC heap after
Heap after GC invocations=13 (full 2):
 PSYoungGen      total 269312K, used 11765K [0x00000000d6f00000, 0x00000000ed700000, 0x0000000100000000)
  eden space 257536K, 0% used [0x00000000d6f00000,0x00000000d6f00000,0x00000000e6a80000)
  from space 11776K, 99% used [0x00000000e6a80000,0x00000000e75fd6d0,0x00000000e7600000)
  to   space 15360K, 0% used [0x00000000ec800000,0x00000000ec800000,0x00000000ed700000)
 ParOldGen       total 80384K, used 20054K [0x0000000084c00000, 0x0000000089a80000, 0x00000000d6f00000)
  object space 80384K, 24% used [0x0000000084c00000,0x0000000085f959d8,0x0000000089a80000)
 Metaspace       used 48083K, capacity 50102K, committed 50264K, reserved 1093632K
  class space    used 6542K, capacity 6947K, committed 7040K, reserved 1048576K
}
Event: 9.877 GC heap before
{Heap before GC invocations=14 (full 2):
 PSYoungGen      total 269312K, used 243574K [0x00000000d6f00000, 0x00000000ed700000, 0x0000000100000000)
  eden space 257536K, 90% used [0x00000000d6f00000,0x00000000e5160278,0x00000000e6a80000)
  from space 11776K, 99% used [0x00000000e6a80000,0x00000000e75fd6d0,0x00000000e7600000)
  to   space 15360K, 0% used [0x00000000ec800000,0x00000000ec800000,0x00000000ed700000)
 ParOldGen       total 80384K, used 20054K [0x0000000084c00000, 0x0000000089a80000, 0x00000000d6f00000)
  object space 80384K, 24% used [0x0000000084c00000,0x0000000085f959d8,0x0000000089a80000)
 Metaspace       used 56115K, capacity 58814K, committed 58968K, reserved 1099776K
  class space    used 7687K, capacity 8200K, committed 8320K, reserved 1048576K
Event: 9.898 GC heap after
Heap after GC invocations=14 (full 2):
 PSYoungGen      total 345088K, used 12768K [0x00000000d6f00000, 0x00000000ed480000, 0x0000000100000000)
  eden space 332288K, 0% used [0x00000000d6f00000,0x00000000d6f00000,0x00000000eb380000)
  from space 12800K, 99% used [0x00000000ec800000,0x00000000ed478220,0x00000000ed480000)
  to   space 16384K, 0% used [0x00000000eb480000,0x00000000eb480000,0x00000000ec480000)
 ParOldGen       total 80384K, used 25769K [0x0000000084c00000, 0x0000000089a80000, 0x00000000d6f00000)
  object space 80384K, 32% used [0x0000000084c00000,0x000000008652a618,0x0000000089a80000)
 Metaspace       used 56115K, capacity 58814K, committed 58968K, reserved 1099776K
  class space    used 7687K, capacity 8200K, committed 8320K, reserved 1048576K
}
Event: 9.898 GC heap before
{Heap before GC invocations=15 (full 3):
 PSYoungGen      total 345088K, used 12768K [0x00000000d6f00000, 0x00000000ed480000, 0x0000000100000000)
  eden space 332288K, 0% used [0x00000000d6f00000,0x00000000d6f00000,0x00000000eb380000)
  from space 12800K, 99% used [0x00000000ec800000,0x00000000ed478220,0x00000000ed480000)
  to   space 16384K, 0% used [0x00000000eb480000,0x00000000eb480000,0x00000000ec480000)
 ParOldGen       total 80384K, used 25769K [0x0000000084c00000, 0x0000000089a80000, 0x00000000d6f00000)
  object space 80384K, 32% used [0x0000000084c00000,0x000000008652a618,0x0000000089a80000)
 Metaspace       used 56115K, capacity 58814K, committed 58968K, reserved 1099776K
  class space    used 7687K, capacity 8200K, committed 8320K, reserved 1048576K
Event: 10.107 GC heap after
Heap after GC invocations=15 (full 3):
 PSYoungGen      total 345088K, used 0K [0x00000000d6f00000, 0x00000000ed480000, 0x0000000100000000)
  eden space 332288K, 0% used [0x00000000d6f00000,0x00000000d6f00000,0x00000000eb380000)
  from space 12800K, 0% used [0x00000000ec800000,0x00000000ec800000,0x00000000ed480000)
  to   space 16384K, 0% used [0x00000000eb480000,0x00000000eb480000,0x00000000ec480000)
 ParOldGen       total 122368K, used 30416K [0x0000000084c00000, 0x000000008c380000, 0x00000000d6f00000)
  object space 122368K, 24% used [0x0000000084c00000,0x00000000869b4250,0x000000008c380000)
 Metaspace       used 56115K, capacity 58814K, committed 58968K, reserved 1099776K
  class space    used 7687K, capacity 8200K, committed 8320K, reserved 1048576K
}

Deoptimization events (0 events):
No events

Classes redefined (4 events):
Event: 163.009 Thread 0x00007f6d9c149000 redefined class name=com.saraha.demo.controller.SocialFacebookController, count=1
Event: 185.014 Thread 0x00007f6d9c149000 redefined class name=com.saraha.demo.controller.SocialFacebookController, count=2
Event: 201.607 Thread 0x00007f6d9c149000 redefined class name=com.saraha.demo.controller.SocialFacebookController, count=3
Event: 204.714 Thread 0x00007f6d9c149000 redefined class name=com.saraha.demo.controller.SocialFacebookController, count=4

Internal exceptions (10 events):
Event: 209.567 Thread 0x00007f6d34001800 Exception <a 'java/lang/ClassNotFoundException': org/springframework/context/support/LiveBeansView> (0x00000000e213b688) thrown at [/build/openjdk-8-Wut_v1/openjdk-8-8u242-b08/src/hotspot/src/share/vm/classfile/systemDictionary.cpp, line 210]
Event: 209.567 Thread 0x00007f6d34001800 Exception <a 'java/lang/ClassNotFoundException': org/springframework/context/support/LiveBeansView> (0x00000000e213b9a8) thrown at [/build/openjdk-8-Wut_v1/openjdk-8-8u242-b08/src/hotspot/src/share/vm/classfile/systemDictionary.cpp, line 210]
Event: 209.567 Thread 0x00007f6d34001800 Exception <a 'java/lang/ClassNotFoundException': org/springframework/context/support/LiveBeansView> (0x00000000e213bce0) thrown at [/build/openjdk-8-Wut_v1/openjdk-8-8u242-b08/src/hotspot/src/share/vm/classfile/systemDictionary.cpp, line 210]
Event: 209.567 Thread 0x00007f6d34001800 Exception <a 'java/lang/ClassNotFoundException': org/springframework/context/support/LiveBeansView> (0x00000000e213c010) thrown at [/build/openjdk-8-Wut_v1/openjdk-8-8u242-b08/src/hotspot/src/share/vm/classfile/systemDictionary.cpp, line 210]
Event: 209.567 Thread 0x00007f6d34001800 Exception <a 'java/lang/ClassNotFoundException': org/springframework/context/support/LiveBeansView> (0x00000000e213c430) thrown at [/build/openjdk-8-Wut_v1/openjdk-8-8u242-b08/src/hotspot/src/share/vm/classfile/systemDictionary.cpp, line 210]
Event: 209.567 Thread 0x00007f6d34001800 Exception <a 'java/lang/ClassNotFoundException': org/springframework/context/support/LiveBeansView> (0x00000000e213c760) thrown at [/build/openjdk-8-Wut_v1/openjdk-8-8u242-b08/src/hotspot/src/share/vm/classfile/systemDictionary.cpp, line 210]
Event: 209.567 Thread 0x00007f6d34001800 Exception <a 'java/lang/ClassNotFoundException': org/springframework/context/support/LiveBeansView> (0x00000000e213cac0) thrown at [/build/openjdk-8-Wut_v1/openjdk-8-8u242-b08/src/hotspot/src/share/vm/classfile/systemDictionary.cpp, line 210]
Event: 209.568 Thread 0x00007f6d34001800 Exception <a 'java/lang/ClassNotFoundException': org/springframework/context/support/LiveBeansView> (0x00000000e2150530) thrown at [/build/openjdk-8-Wut_v1/openjdk-8-8u242-b08/src/hotspot/src/share/vm/classfile/systemDictionary.cpp, line 210]
Event: 209.568 Thread 0x00007f6d34001800 Exception <a 'java/lang/ClassNotFoundException': org/springframework/context/support/LiveBeansView> (0x00000000e2150888) thrown at [/build/openjdk-8-Wut_v1/openjdk-8-8u242-b08/src/hotspot/src/share/vm/classfile/systemDictionary.cpp, line 210]
Event: 209.568 Thread 0x00007f6d34001800 Exception <a 'java/lang/ClassNotFoundException': org/springframework/context/support/LiveBeansView> (0x00000000e2150c98) thrown at [/build/openjdk-8-Wut_v1/openjdk-8-8u242-b08/src/hotspot/src/share/vm/classfile/systemDictionary.cpp, line 210]

Events (10 events):
Event: 210.077 Thread 0x00007f6d9c195800 DEOPT UNPACKING pc=0x00007f6d8cc2c4c4 sp=0x00007f6d81cc4d20 mode 1
Event: 210.077 Thread 0x00007f6d9c195800 DEOPT PACKING pc=0x00007f6d8cdceb74 sp=0x00007f6d81cc5050
Event: 210.077 Thread 0x00007f6d9c195800 DEOPT UNPACKING pc=0x00007f6d8cc2c4c4 sp=0x00007f6d81cc4ee8 mode 1
Event: 210.077 Thread 0x00007f6d9c195800 DEOPT PACKING pc=0x00007f6d8ce6fffc sp=0x00007f6d81cc52a0
Event: 210.077 Thread 0x00007f6d9c195800 DEOPT UNPACKING pc=0x00007f6d8cc2c4c4 sp=0x00007f6d81cc51b8 mode 1
Event: 210.077 Thread 0x00007f6d9c195800 DEOPT PACKING pc=0x00007f6d8ceb0dec sp=0x00007f6d81cc55a0
Event: 210.077 Thread 0x00007f6d9c195800 DEOPT UNPACKING pc=0x00007f6d8cc2c4c4 sp=0x00007f6d81cc52e0 mode 1
Event: 210.077 Thread 0x00007f6d9c195800 DEOPT PACKING pc=0x00007f6d8cd17fe4 sp=0x00007f6d81cc5660
Event: 210.077 Thread 0x00007f6d9c195800 DEOPT UNPACKING pc=0x00007f6d8cc2c4c4 sp=0x00007f6d81cc53f8 mode 1
Event: 210.078 Executing VM operation: RedefineClasses


Dynamic libraries:
00400000-00401000 r-xp 00000000 08:05 539460                             /usr/lib/jvm/java-8-openjdk-amd64/jre/bin/java
00600000-00601000 r--p 00000000 08:05 539460                             /usr/lib/jvm/java-8-openjdk-amd64/jre/bin/java
00601000-00602000 rw-p 00001000 08:05 539460                             /usr/lib/jvm/java-8-openjdk-amd64/jre/bin/java
017ee000-01877000 rw-p 00000000 00:00 0                                  [heap]
84c00000-8c380000 rw-p 00000000 00:00 0 
8c380000-d6f00000 ---p 00000000 00:00 0 
d6f00000-ed480000 rw-p 00000000 00:00 0 
ed480000-100000000 ---p 00000000 00:00 0 
100000000-1008e0000 rw-p 00000000 00:00 0 
1008e0000-140000000 ---p 00000000 00:00 0 
7f6d04000000-7f6d04021000 rw-p 00000000 00:00 0 
7f6d04021000-7f6d08000000 ---p 00000000 00:00 0 
7f6d08000000-7f6d08059000 rw-p 00000000 00:00 0 
7f6d08059000-7f6d0c000000 ---p 00000000 00:00 0 
7f6d0c000000-7f6d0c021000 rw-p 00000000 00:00 0 
7f6d0c021000-7f6d10000000 ---p 00000000 00:00 0 
7f6d10000000-7f6d10021000 rw-p 00000000 00:00 0 
7f6d10021000-7f6d14000000 ---p 00000000 00:00 0 
7f6d14000000-7f6d14040000 rw-p 00000000 00:00 0 
7f6d14040000-7f6d18000000 ---p 00000000 00:00 0 
7f6d18000000-7f6d18056000 rw-p 00000000 00:00 0 
7f6d18056000-7f6d1c000000 ---p 00000000 00:00 0 
7f6d1c000000-7f6d1c023000 rw-p 00000000 00:00 0 
7f6d1c023000-7f6d20000000 ---p 00000000 00:00 0 
7f6d20000000-7f6d20021000 rw-p 00000000 00:00 0 
7f6d20021000-7f6d24000000 ---p 00000000 00:00 0 
7f6d24000000-7f6d24021000 rw-p 00000000 00:00 0 
7f6d24021000-7f6d28000000 ---p 00000000 00:00 0 
7f6d28dea000-7f6d28ded000 ---p 00000000 00:00 0 
7f6d28ded000-7f6d28f6b000 rw-p 00000000 00:00 0 
7f6d28f6b000-7f6d290eb000 ---p 00000000 00:00 0 
7f6d290eb000-7f6d292eb000 rw-p 00000000 00:00 0 
7f6d292eb000-7f6d292ee000 ---p 00000000 00:00 0 
7f6d292ee000-7f6d293ec000 rw-p 00000000 00:00 0 
7f6d293ec000-7f6d293ef000 ---p 00000000 00:00 0 
7f6d293ef000-7f6d294ed000 rw-p 00000000 00:00 0 
7f6d294ed000-7f6d294f0000 ---p 00000000 00:00 0 
7f6d294f0000-7f6d295ee000 rw-p 00000000 00:00 0 
7f6d295ee000-7f6d295f1000 ---p 00000000 00:00 0 
7f6d295f1000-7f6d296ef000 rw-p 00000000 00:00 0 
7f6d296ef000-7f6d296f2000 ---p 00000000 00:00 0 
7f6d296f2000-7f6d297f0000 rw-p 00000000 00:00 0 
7f6d297f0000-7f6d297f3000 ---p 00000000 00:00 0 
7f6d297f3000-7f6d298f1000 rw-p 00000000 00:00 0 
7f6d298f1000-7f6d298f4000 ---p 00000000 00:00 0 
7f6d298f4000-7f6d299f2000 rw-p 00000000 00:00 0 
7f6d299f2000-7f6d299f5000 ---p 00000000 00:00 0 
7f6d299f5000-7f6d29af3000 rw-p 00000000 00:00 0 
7f6d29af3000-7f6d29af6000 ---p 00000000 00:00 0 
7f6d29af6000-7f6d29bf4000 rw-p 00000000 00:00 0 
7f6d29bf4000-7f6d29bf7000 ---p 00000000 00:00 0 
7f6d29bf7000-7f6d29cf5000 rw-p 00000000 00:00 0 
7f6d29cf5000-7f6d29cf8000 ---p 00000000 00:00 0 
7f6d29cf8000-7f6d29df6000 rw-p 00000000 00:00 0 
7f6d29df6000-7f6d29df9000 ---p 00000000 00:00 0 
7f6d29df9000-7f6d29ef7000 rw-p 00000000 00:00 0 
7f6d29ef7000-7f6d29efa000 ---p 00000000 00:00 0 
7f6d29efa000-7f6d2a1f8000 rw-p 00000000 00:00 0 
7f6d2a1f8000-7f6d2a3f8000 rw-p 00000000 00:00 0 
7f6d2a3f8000-7f6d2a5f8000 rw-p 00000000 00:00 0 
7f6d2a5f8000-7f6d2a7f8000 rw-p 00000000 00:00 0 
7f6d2a7f8000-7f6d2a9f8000 rw-p 00000000 00:00 0 
7f6d2a9f8000-7f6d2abf8000 rw-p 00000000 00:00 0 
7f6d2abf8000-7f6d2adf8000 rw-p 00000000 00:00 0 
7f6d2adf8000-7f6d2aff8000 rw-p 00000000 00:00 0 
7f6d2aff8000-7f6d2affb000 ---p 00000000 00:00 0 
7f6d2affb000-7f6d2b0f9000 rw-p 00000000 00:00 0 
7f6d2b0f9000-7f6d2b0fc000 ---p 00000000 00:00 0 
7f6d2b0fc000-7f6d2b3fa000 rw-p 00000000 00:00 0 
7f6d2b3fa000-7f6d2b5fa000 rw-p 00000000 00:00 0 
7f6d2b5fa000-7f6d2b7fa000 rw-p 00000000 00:00 0 
7f6d2b7fa000-7f6d2b7fd000 ---p 00000000 00:00 0 
7f6d2b7fd000-7f6d2b8fb000 rw-p 00000000 00:00 0 
7f6d2b8fb000-7f6d2b8fe000 ---p 00000000 00:00 0 
7f6d2b8fe000-7f6d2b9fc000 rw-p 00000000 00:00 0 
7f6d2b9fc000-7f6d2b9ff000 ---p 00000000 00:00 0 
7f6d2b9ff000-7f6d2bafd000 rw-p 00000000 00:00 0 
7f6d2bafd000-7f6d2bb00000 ---p 00000000 00:00 0 
7f6d2bb00000-7f6d2bdf4000 rw-p 00000000 00:00 0 
7f6d2bdf4000-7f6d2bdfe000 ---p 00000000 00:00 0 
7f6d2bdfe000-7f6d2be01000 ---p 00000000 00:00 0 
7f6d2be01000-7f6d2beff000 rw-p 00000000 00:00 0 
7f6d2beff000-7f6d2bf02000 ---p 00000000 00:00 0 
7f6d2bf02000-7f6d2c000000 rw-p 00000000 00:00 0 
7f6d2c000000-7f6d2c332000 rw-p 00000000 00:00 0 
7f6d2c332000-7f6d30000000 ---p 00000000 00:00 0 
7f6d30000000-7f6d30056000 rw-p 00000000 00:00 0 
7f6d30056000-7f6d34000000 ---p 00000000 00:00 0 
7f6d34000000-7f6d34021000 rw-p 00000000 00:00 0 
7f6d34021000-7f6d38000000 ---p 00000000 00:00 0 
7f6d38000000-7f6d3804f000 rw-p 00000000 00:00 0 
7f6d3804f000-7f6d3c000000 ---p 00000000 00:00 0 
7f6d3c000000-7f6d3c021000 rw-p 00000000 00:00 0 
7f6d3c021000-7f6d40000000 ---p 00000000 00:00 0 
7f6d40000000-7f6d40021000 rw-p 00000000 00:00 0 
7f6d40021000-7f6d44000000 ---p 00000000 00:00 0 
7f6d44000000-7f6d446ae000 rw-p 00000000 00:00 0 
7f6d446ae000-7f6d48000000 ---p 00000000 00:00 0 
7f6d48000000-7f6d48021000 rw-p 00000000 00:00 0 
7f6d48021000-7f6d4c000000 ---p 00000000 00:00 0 
7f6d4c000000-7f6d4c021000 rw-p 00000000 00:00 0 
7f6d4c021000-7f6d50000000 ---p 00000000 00:00 0 
7f6d50000000-7f6d50045000 rw-p 00000000 00:00 0 
7f6d50045000-7f6d54000000 ---p 00000000 00:00 0 
7f6d54000000-7f6d54021000 rw-p 00000000 00:00 0 
7f6d54021000-7f6d58000000 ---p 00000000 00:00 0 
7f6d58000000-7f6d58021000 rw-p 00000000 00:00 0 
7f6d58021000-7f6d5c000000 ---p 00000000 00:00 0 
7f6d5c000000-7f6d5c021000 rw-p 00000000 00:00 0 
7f6d5c021000-7f6d60000000 ---p 00000000 00:00 0 
7f6d60000000-7f6d60049000 rw-p 00000000 00:00 0 
7f6d60049000-7f6d64000000 ---p 00000000 00:00 0 
7f6d64000000-7f6d64021000 rw-p 00000000 00:00 0 
7f6d64021000-7f6d68000000 ---p 00000000 00:00 0 
7f6d68000000-7f6d68021000 rw-p 00000000 00:00 0 
7f6d68021000-7f6d6c000000 ---p 00000000 00:00 0 
7f6d6c000000-7f6d6c021000 rw-p 00000000 00:00 0 
7f6d6c021000-7f6d70000000 ---p 00000000 00:00 0 
7f6d70000000-7f6d70052000 rw-p 00000000 00:00 0 
7f6d70052000-7f6d74000000 ---p 00000000 00:00 0 
7f6d74000000-7f6d74021000 rw-p 00000000 00:00 0 
7f6d74021000-7f6d78000000 ---p 00000000 00:00 0 
7f6d780fe000-7f6d78101000 ---p 00000000 00:00 0 
7f6d78101000-7f6d783ff000 rw-p 00000000 00:00 0 
7f6d783ff000-7f6d785ff000 rw-p 00000000 00:00 0 
7f6d785ff000-7f6d787ff000 rw-p 00000000 00:00 0 
7f6d787ff000-7f6d789ff000 rw-p 00000000 00:00 0 
7f6d789ff000-7f6d78bff000 rw-p 00000000 00:00 0 
7f6d78bff000-7f6d78dff000 rw-p 00000000 00:00 0 
7f6d78dff000-7f6d78fff000 rw-p 00000000 00:00 0 
7f6d78fff000-7f6d7c000000 rw-p 00000000 00:00 0 
7f6d7c000000-7f6d7c021000 rw-p 00000000 00:00 0 
7f6d7c021000-7f6d80000000 ---p 00000000 00:00 0 
7f6d8001c000-7f6d80021000 r--s 002f9000 08:05 666504                     /usr/lib/jvm/java-8-openjdk-amd64/jre/lib/charsets.jar
7f6d80021000-7f6d80221000 rw-p 00000000 00:00 0 
7f6d80221000-7f6d80224000 ---p 00000000 00:00 0 
7f6d80224000-7f6d80522000 rw-p 00000000 00:00 0 
7f6d80522000-7f6d80722000 rw-p 00000000 00:00 0 
7f6d80722000-7f6d80723000 ---p 00000000 00:00 0 
7f6d80723000-7f6d80823000 rw-p 00000000 00:00 0 
7f6d80823000-7f6d80826000 ---p 00000000 00:00 0 
7f6d80826000-7f6d80924000 rw-p 00000000 00:00 0 
7f6d80924000-7f6d80927000 ---p 00000000 00:00 0 
7f6d80927000-7f6d80a25000 rw-p 00000000 00:00 0 
7f6d80a25000-7f6d80a28000 ---p 00000000 00:00 0 
7f6d80a28000-7f6d80b26000 rw-p 00000000 00:00 0 
7f6d80b26000-7f6d80b2f000 r-xp 00000000 08:05 1076278                    /usr/lib/jvm/java-8-openjdk-amd64/jre/lib/amd64/libmanagement.so
7f6d80b2f000-7f6d80d2e000 ---p 00009000 08:05 1076278                    /usr/lib/jvm/java-8-openjdk-amd64/jre/lib/amd64/libmanagement.so
7f6d80d2e000-7f6d80d2f000 r--p 00008000 08:05 1076278                    /usr/lib/jvm/java-8-openjdk-amd64/jre/lib/amd64/libmanagement.so
7f6d80d2f000-7f6d80d30000 rw-p 00009000 08:05 1076278                    /usr/lib/jvm/java-8-openjdk-amd64/jre/lib/amd64/libmanagement.so
7f6d80d30000-7f6d80d33000 ---p 00000000 00:00 0 
7f6d80d33000-7f6d80e31000 rw-p 00000000 00:00 0 
7f6d80e31000-7f6d80e34000 ---p 00000000 00:00 0 
7f6d80e34000-7f6d80f32000 rw-p 00000000 00:00 0 
7f6d80f32000-7f6d80f35000 ---p 00000000 00:00 0 
7f6d80f35000-7f6d81033000 rw-p 00000000 00:00 0 
7f6d81033000-7f6d81036000 ---p 00000000 00:00 0 
7f6d81036000-7f6d81134000 rw-p 00000000 00:00 0 
7f6d81134000-7f6d81147000 r--s 00346000 08:05 666506                     /usr/lib/jvm/java-8-openjdk-amd64/jre/lib/resources.jar
7f6d81147000-7f6d8115e000 r-xp 00000000 08:05 1076282                    /usr/lib/jvm/java-8-openjdk-amd64/jre/lib/amd64/libnet.so
7f6d8115e000-7f6d8135d000 ---p 00017000 08:05 1076282                    /usr/lib/jvm/java-8-openjdk-amd64/jre/lib/amd64/libnet.so
7f6d8135d000-7f6d8135e000 r--p 00016000 08:05 1076282                    /usr/lib/jvm/java-8-openjdk-amd64/jre/lib/amd64/libnet.so
7f6d8135e000-7f6d8135f000 rw-p 00017000 08:05 1076282                    /usr/lib/jvm/java-8-openjdk-amd64/jre/lib/amd64/libnet.so
7f6d8135f000-7f6d81370000 r-xp 00000000 08:05 1076284                    /usr/lib/jvm/java-8-openjdk-amd64/jre/lib/amd64/libnio.so
7f6d81370000-7f6d81570000 ---p 00011000 08:05 1076284                    /usr/lib/jvm/java-8-openjdk-amd64/jre/lib/amd64/libnio.so
7f6d81570000-7f6d81571000 r--p 00011000 08:05 1076284                    /usr/lib/jvm/java-8-openjdk-amd64/jre/lib/amd64/libnio.so
7f6d81571000-7f6d81572000 rw-p 00012000 08:05 1076284                    /usr/lib/jvm/java-8-openjdk-amd64/jre/lib/amd64/libnio.so
7f6d81572000-7f6d81574000 r--s 00016000 08:05 666507                     /usr/lib/jvm/java-8-openjdk-amd64/jre/lib/jce.jar
7f6d81574000-7f6d81579000 r--s 000a3000 08:05 666500                     /usr/lib/jvm/java-8-openjdk-amd64/jre/lib/jsse.jar
7f6d81579000-7f6d8157c000 r--s 0001f000 08:04 214366                     /media/mar/0C44DD8444DD7146/BackEnd/Programs/Linux/sts-4.6.0.RELEASE/configuration/org.eclipse.osgi/239/0/.cp/lib/javaagent-shaded.jar
7f6d8157c000-7f6d81580000 r--s 00019000 08:06 2361629                    /home/mar/.m2/repository/jakarta/xml/bind/jakarta.xml.bind-api/2.3.2/jakarta.xml.bind-api-2.3.2.jar
7f6d81580000-7f6d81599000 r--s 00227000 08:06 1706509                    /home/mar/.m2/repository/mysql/mysql-connector-java/8.0.19/mysql-connector-java-8.0.19.jar
7f6d81599000-7f6d8159e000 r--s 00040000 08:06 2361561                    /home/mar/.m2/repository/org/springframework/spring-expression/5.2.3.RELEASE/spring-expression-5.2.3.RELEASE.jar
7f6d8159e000-7f6d8159f000 r--s 00005000 08:06 2361607                    /home/mar/.m2/repository/org/springframework/spring-jcl/5.2.3.RELEASE/spring-jcl-5.2.3.RELEASE.jar
7f6d8159f000-7f6d815ba000 r--s 00144000 08:06 2361604                    /home/mar/.m2/repository/org/springframework/spring-core/5.2.3.RELEASE/spring-core-5.2.3.RELEASE.jar
7f6d815ba000-7f6d815d6000 r--s 0010f000 08:06 2361562                    /home/mar/.m2/repository/org/springframework/spring-context/5.2.3.RELEASE/spring-context-5.2.3.RELEASE.jar
7f6d815d6000-7f6d815e3000 r--s 0009b000 08:06 2361556                    /home/mar/.m2/repository/org/springframework/spring-beans/5.2.3.RELEASE/spring-beans-5.2.3.RELEASE.jar
7f6d815e3000-7f6d815ec000 r--s 00052000 08:06 2361595                    /home/mar/.m2/repository/org/springframework/spring-aop/5.2.3.RELEASE/spring-aop-5.2.3.RELEASE.jar
7f6d815ec000-7f6d815f8000 r--s 00061000 08:06 2361602                    /home/mar/.m2/repository/org/springframework/security/spring-security-core/5.2.1.RELEASE/spring-security-core-5.2.1.RELEASE.jar
7f6d815f8000-7f6d81607000 r--s 0007c000 08:06 2361598                    /home/mar/.m2/repository/org/springframework/security/spring-security-web/5.2.1.RELEASE/spring-security-web-5.2.1.RELEASE.jar
7f6d81607000-7f6d8160c000 r--s 00051000 08:06 2361614                    /home/mar/.m2/repository/com/fasterxml/jackson/core/jackson-core/2.10.2/jackson-core-2.10.2.jar
7f6d8160c000-7f6d81614000 r--s 00032000 08:06 2492609                    /home/mar/.m2/repository/org/springframework/social/spring-social-facebook/2.0.3.RELEASE/spring-social-facebook-2.0.3.RELEASE.jar
7f6d81614000-7f6d81615000 r--s 00000000 08:06 1705590                    /home/mar/.m2/repository/javax/inject/javax.inject/1/javax.inject-1.jar
7f6d81615000-7f6d81617000 r--s 00009000 08:06 2492606                    /home/mar/.m2/repository/org/springframework/social/spring-social-web/1.1.4.RELEASE/spring-social-web-1.1.4.RELEASE.jar
7f6d81617000-7f6d81619000 r--s 00005000 08:06 2492604                    /home/mar/.m2/repository/org/springframework/social/spring-social-config/1.1.4.RELEASE/spring-social-config-1.1.4.RELEASE.jar
7f6d81619000-7f6d8161e000 r--s 0001a000 08:06 2492602                    /home/mar/.m2/repository/org/springframework/social/spring-social-core/1.1.4.RELEASE/spring-social-core-1.1.4.RELEASE.jar
7f6d8161e000-7f6d81676000 r--s 003a7000 08:06 2492601                    /home/mar/.m2/repository/org/bouncycastle/bcprov-jdk15on/1.60/bcprov-jdk15on-1.60.jar
7f6d81676000-7f6d81689000 r--s 000b0000 08:06 2492598                    /home/mar/.m2/repository/org/bouncycastle/bcpkix-jdk15on/1.60/bcpkix-jdk15on-1.60.jar
7f6d81689000-7f6d8168b000 r--s 00008000 08:06 2492596                    /home/mar/.m2/repository/org/springframework/security/spring-security-jwt/1.0.10.RELEASE/spring-security-jwt-1.0.10.RELEASE.jar
7f6d8168b000-7f6d8168f000 r--s 00035000 08:06 2492594                    /home/mar/.m2/repository/org/codehaus/jackson/jackson-core-asl/1.9.13/jackson-core-asl-1.9.13.jar
7f6d8168f000-7f6d8169d000 r--s 000b1000 08:06 2362883                    /home/mar/.m2/repository/org/codehaus/jackson/jackson-mapper-asl/1.9.13/jackson-mapper-asl-1.9.13.jar
7f6d8169d000-7f6d816a4000 r--s 0004e000 08:06 2490917                    /home/mar/.m2/repository/commons-codec/commons-codec/1.13/commons-codec-1.13.jar
7f6d816a4000-7f6d816b2000 r--s 000c4000 08:06 2361597                    /home/mar/.m2/repository/org/springframework/security/spring-security-config/5.2.1.RELEASE/spring-security-config-5.2.1.RELEASE.jar
7f6d816b2000-7f6d816bf000 r--s 0006c000 08:06 2492591                    /home/mar/.m2/repository/org/springframework/security/oauth/spring-security-oauth2/2.3.5.RELEASE/spring-security-oauth2-2.3.5.RELEASE.jar
7f6d816bf000-7f6d816e7000 r--s 0012c000 08:06 2361520                    /home/mar/.m2/repository/org/springframework/boot/spring-boot-autoconfigure/2.2.4.RELEASE/spring-boot-autoconfigure-2.2.4.RELEASE.jar
7f6d816e7000-7f6d816fe000 r--s 000e8000 08:06 2361518                    /home/mar/.m2/repository/org/springframework/boot/spring-boot/2.2.4.RELEASE/spring-boot-2.2.4.RELEASE.jar
7f6d816fe000-7f6d81710000 r--s 000d9000 08:06 2492588                    /home/mar/.m2/repository/com/sun/xml/bind/jaxb-impl/2.3.0.1/jaxb-impl-2.3.0.1.jar
7f6d81710000-7f6d81717000 r--s 00038000 08:06 2492587                    /home/mar/.m2/repository/com/sun/xml/bind/jaxb-core/2.3.0.1/jaxb-core-2.3.0.1.jar
7f6d81717000-7f6d8171a000 r--s 0000e000 08:06 2361568                    /home/mar/.m2/repository/com/fasterxml/jackson/core/jackson-annotations/2.10.2/jackson-annotations-2.10.2.jar
7f6d8171a000-7f6d8171f000 r--s 00013000 08:06 2492589                    /home/mar/.m2/repository/org/springframework/security/oauth/boot/spring-security-oauth2-autoconfigure/2.1.3.RELEASE/spring-security-oauth2-autoconfigure-2.1.3.RELEASE.jar
7f6d8171f000-7f6d81723000 r--s 0001b000 08:06 1706482                    /home/mar/.m2/repository/javax/xml/bind/jaxb-api/2.3.0/jaxb-api-2.3.0.jar
7f6d81723000-7f6d81738000 r--s 00142000 08:06 2361612                    /home/mar/.m2/repository/com/fasterxml/jackson/core/jackson-databind/2.10.2/jackson-databind-2.10.2.jar
7f6d81738000-7f6d8173b000 r--s 00019000 08:06 2361610                    /home/mar/.m2/repository/io/jsonwebtoken/jjwt/0.9.1/jjwt-0.9.1.jar
7f6d8173b000-7f6d8173e000 r--s 00065000 08:06 2492583                    /home/mar/.m2/repository/io/springfox/springfox-swagger-ui/2.7.0/springfox-swagger-ui-2.7.0.jar
7f6d8173e000-7f6d81740000 r--s 00003000 08:06 2492582                    /home/mar/.m2/repository/org/mapstruct/mapstruct/1.1.0.Final/mapstruct-1.1.0.Final.jar
7f6d81740000-7f6d81742000 r--s 00000000 08:06 2229185                    /home/mar/.m2/repository/org/springframework/plugin/spring-plugin-metadata/1.2.0.RELEASE/spring-plugin-metadata-1.2.0.RELEASE.jar
7f6d81742000-7f6d81743000 r--s 00004000 08:06 1968226                    /home/mar/.m2/repository/org/springframework/plugin/spring-plugin-core/1.2.0.RELEASE/spring-plugin-core-1.2.0.RELEASE.jar
7f6d81743000-7f6d81745000 r--s 00009000 08:06 2361585                    /home/mar/.m2/repository/org/slf4j/slf4j-api/1.7.30/slf4j-api-1.7.30.jar
7f6d81745000-7f6d81747000 r--s 0000f000 08:06 2361583                    /home/mar/.m2/repository/com/fasterxml/classmate/1.5.1/classmate-1.5.1.jar
7f6d81747000-7f6d81772000 r--s 001fc000 08:06 2492581                    /home/mar/.m2/repository/com/google/guava/guava/18.0/guava-18.0.jar
7f6d81772000-7f6d81775000 r--s 0001d000 08:06 2492578                    /home/mar/.m2/repository/org/reflections/reflections/0.9.11/reflections-0.9.11.jar
7f6d81775000-7f6d8177a000 r--s 00026000 08:06 2492574                    /home/mar/.m2/repository/io/springfox/springfox-spring-web/2.7.0/springfox-spring-web-2.7.0.jar
7f6d8177a000-7f6d8177d000 r--s 00013000 08:06 2492575                    /home/mar/.m2/repository/io/springfox/springfox-swagger-common/2.7.0/springfox-swagger-common-2.7.0.jar
7f6d8177d000-7f6d81780000 r--s 00010000 08:06 2492573                    /home/mar/.m2/repository/io/springfox/springfox-schema/2.7.0/springfox-schema-2.7.0.jar
7f6d81780000-7f6d81784000 r--s 00017000 08:06 2492569                    /home/mar/.m2/repository/io/springfox/springfox-core/2.7.0/springfox-core-2.7.0.jar
7f6d81784000-7f6d81787000 r--s 0000a000 08:06 2492566                    /home/mar/.m2/repository/io/springfox/springfox-spi/2.7.0/springfox-spi-2.7.0.jar
7f6d81787000-7f6d8178a000 r--s 00020000 08:06 2492568                    /home/mar/.m2/repository/io/swagger/swagger-models/1.5.13/swagger-models-1.5.13.jar
7f6d8178a000-7f6d8178c000 r--s 00004000 08:06 2492567                    /home/mar/.m2/repository/io/swagger/swagger-annotations/1.5.13/swagger-annotations-1.5.13.jar
7f6d8178c000-7f6d8178f000 r--s 0000d000 08:06 2492562                    /home/mar/.m2/repository/io/springfox/springfox-swagger2/2.7.0/springfox-swagger2-2.7.0.jar
7f6d8178f000-7f6d817e8000 r--s 0034b000 08:06 1836907                    /home/mar/.m2/repository/org/modelmapper/modelmapper/2.3.2/modelmapper-2.3.2.jar
7f6d817e8000-7f6d817fb000 r--s 000d5000 08:06 2361557                    /home/mar/.m2/repository/org/springframework/spring-webmvc/5.2.3.RELEASE/spring-webmvc-5.2.3.RELEASE.jar
7f6d817fb000-7f6d81817000 r--s 00141000 08:06 2361554                    /home/mar/.m2/repository/org/springframework/spring-web/5.2.3.RELEASE/spring-web-5.2.3.RELEASE.jar
7f6d81817000-7f6d81834000 r--s 000fe000 08:06 2361549                    /home/mar/.m2/repository/org/hibernate/validator/hibernate-validator/6.0.18.Final/hibernate-validator-6.0.18.Final.jar
7f6d81834000-7f6d81839000 r--s 00012000 08:06 2361548                    /home/mar/.m2/repository/jakarta/validation/jakarta.validation-api/2.0.2/jakarta.validation-api-2.0.2.jar
7f6d81839000-7f6d8183a000 r--s 00000000 08:06 2361545                    /home/mar/.m2/repository/org/springframework/boot/spring-boot-starter-validation/2.2.4.RELEASE/spring-boot-starter-validation-2.2.4.RELEASE.jar
7f6d8183a000-7f6d8183f000 r--s 0003c000 08:06 2361544                    /home/mar/.m2/repository/org/apache/tomcat/embed/tomcat-embed-websocket/9.0.30/tomcat-embed-websocket-9.0.30.jar
7f6d8183f000-7f6d81844000 r--s 0003a000 08:06 2361543                    /home/mar/.m2/repository/org/apache/tomcat/embed/tomcat-embed-el/9.0.30/tomcat-embed-el-9.0.30.jar
7f6d81844000-7f6d8186e000 r--s 00301000 08:06 2361541                    /home/mar/.m2/repository/org/apache/tomcat/embed/tomcat-embed-core/9.0.30/tomcat-embed-core-9.0.30.jar
7f6d8186e000-7f6d8186f000 r--s 00000000 08:06 2361538                    /home/mar/.m2/repository/org/springframework/boot/spring-boot-starter-tomcat/2.2.4.RELEASE/spring-boot-starter-tomcat-2.2.4.RELEASE.jar
7f6d8186f000-7f6d81871000 r--s 00001000 08:06 2361535                    /home/mar/.m2/repository/com/fasterxml/jackson/module/jackson-module-parameter-names/2.10.2/jackson-module-parameter-names-2.10.2.jar
7f6d81871000-7f6d81874000 r--s 00017000 08:06 2361534                    /home/mar/.m2/repository/com/fasterxml/jackson/datatype/jackson-datatype-jsr310/2.10.2/jackson-datatype-jsr310-2.10.2.jar
7f6d81874000-7f6d81876000 r--s 00007000 08:06 2361533                    /home/mar/.m2/repository/com/fasterxml/jackson/datatype/jackson-datatype-jdk8/2.10.2/jackson-datatype-jdk8-2.10.2.jar
7f6d81876000-7f6d81877000 r--s 00000000 08:06 2361529                    /home/mar/.m2/repository/org/springframework/boot/spring-boot-starter-json/2.2.4.RELEASE/spring-boot-starter-json-2.2.4.RELEASE.jar
7f6d81877000-7f6d8187e000 r--s 00044000 08:06 2361527                    /home/mar/.m2/repository/org/yaml/snakeyaml/1.25/snakeyaml-1.25.jar
7f6d8187e000-7f6d81880000 r--s 00005000 08:06 2361526                    /home/mar/.m2/repository/jakarta/annotation/jakarta.annotation-api/1.3.5/jakarta.annotation-api-1.3.5.jar
7f6d81880000-7f6d81882000 r--s 00000000 08:06 2361525                    /home/mar/.m2/repository/org/slf4j/jul-to-slf4j/1.7.30/jul-to-slf4j-1.7.30.jar
7f6d81882000-7f6d81888000 r--s 0003e000 08:06 2361517                    /home/mar/.m2/repository/org/apache/logging/log4j/log4j-api/2.12.1/log4j-api-2.12.1.jar
7f6d81888000-7f6d8188a000 r--s 00003000 08:06 2361515                    /home/mar/.m2/repository/org/apache/logging/log4j/log4j-to-slf4j/2.12.1/log4j-to-slf4j-2.12.1.jar
7f6d8188a000-7f6d81895000 r--s 00069000 08:06 1705430                    /home/mar/.m2/repository/ch/qos/logback/logback-core/1.2.3/logback-core-1.2.3.jar
7f6d81895000-7f6d8189b000 r--s 00041000 08:06 1705429                    /home/mar/.m2/repository/ch/qos/logback/logback-classic/1.2.3/logback-classic-1.2.3.jar
7f6d8189b000-7f6d8189c000 r--s 00000000 08:06 2361519                    /home/mar/.m2/repository/org/springframework/boot/spring-boot-starter-logging/2.2.4.RELEASE/spring-boot-starter-logging-2.2.4.RELEASE.jar
7f6d8189c000-7f6d8189d000 r--s 00000000 08:06 2361521                    /home/mar/.m2/repository/org/springframework/boot/spring-boot-starter/2.2.4.RELEASE/spring-boot-starter-2.2.4.RELEASE.jar
7f6d8189d000-7f6d8189e000 r--s 00000000 08:06 2361513                    /home/mar/.m2/repository/org/springframework/boot/spring-boot-starter-web/2.2.4.RELEASE/spring-boot-starter-web-2.2.4.RELEASE.jar
7f6d8189e000-7f6d818a0000 r--s 0000a000 08:06 2492561                    /home/mar/.m2/repository/org/springframework/spring-aspects/5.2.3.RELEASE/spring-aspects-5.2.3.RELEASE.jar
7f6d818a0000-7f6d818a9000 r--s 00044000 08:06 2492558                    /home/mar/.m2/repository/org/springframework/spring-tx/5.2.3.RELEASE/spring-tx-5.2.3.RELEASE.jar
7f6d818a9000-7f6d818ae000 r--s 0002d000 08:06 2492556                    /home/mar/.m2/repository/org/springframework/spring-orm/5.2.3.RELEASE/spring-orm-5.2.3.RELEASE.jar
7f6d818ae000-7f6d818c7000 r--s 00110000 08:06 2492554                    /home/mar/.m2/repository/org/springframework/data/spring-data-commons/2.2.4.RELEASE/spring-data-commons-2.2.4.RELEASE.jar
7f6d818c7000-7f6d818d0000 r--s 00051000 08:06 2492552                    /home/mar/.m2/repository/org/springframework/data/spring-data-jpa/2.2.4.RELEASE/spring-data-jpa-2.2.4.RELEASE.jar
7f6d818d0000-7f6d818d5000 r--s 00049000 08:06 2492551                    /home/mar/.m2/repository/com/sun/xml/fastinfoset/FastInfoset/1.2.16/FastInfoset-1.2.16.jar
7f6d818d5000-7f6d818d7000 r--s 00008000 08:06 2492548                    /home/mar/.m2/repository/org/jvnet/staxex/stax-ex/1.8.1/stax-ex-1.8.1.jar
7f6d818d7000-7f6d818d9000 r--s 00005000 08:06 2492546                    /home/mar/.m2/repository/com/sun/istack/istack-commons-runtime/3.0.8/istack-commons-runtime-3.0.8.jar
7f6d818d9000-7f6d818db000 r--s 00010000 08:06 2492544                    /home/mar/.m2/repository/org/glassfish/jaxb/txw2/2.3.2/txw2-2.3.2.jar
7f6d818db000-7f6d818f0000 r--s 000e3000 08:06 2492543                    /home/mar/.m2/repository/org/glassfish/jaxb/jaxb-runtime/2.3.2/jaxb-runtime-2.3.2.jar
7f6d818f0000-7f6d818f3000 r--s 00010000 08:06 2492540                    /home/mar/.m2/repository/org/hibernate/common/hibernate-commons-annotations/5.1.0.Final/hibernate-commons-annotations-5.1.0.Final.jar
7f6d818f3000-7f6d818f8000 r--s 0004b000 08:06 1705398                    /home/mar/.m2/repository/org/dom4j/dom4j/2.1.1/dom4j-2.1.1.jar
7f6d818f8000-7f6d81940000 r--s 002e9000 08:06 1706372                    /home/mar/.m2/repository/net/bytebuddy/byte-buddy/1.10.6/byte-buddy-1.10.6.jar
7f6d81940000-7f6d819c5000 r--s 0064f000 08:06 2492534                    /home/mar/.m2/repository/org/hibernate/hibernate-core/5.4.10.Final/hibernate-core-5.4.10.Final.jar
7f6d819c5000-7f6d819c8000 ---p 00000000 00:00 0 
7f6d819c8000-7f6d81ac6000 rw-p 00000000 00:00 0 
7f6d81ac6000-7f6d81ac9000 ---p 00000000 00:00 0 
7f6d81ac9000-7f6d81bc7000 rw-p 00000000 00:00 0 
7f6d81bc7000-7f6d81bca000 ---p 00000000 00:00 0 
7f6d81bca000-7f6d81cc8000 rw-p 00000000 00:00 0 
7f6d81cc8000-7f6d81ccc000 r-xp 00000000 08:05 1076256                    /usr/lib/jvm/java-8-openjdk-amd64/jre/lib/amd64/libdt_socket.so
7f6d81ccc000-7f6d81ecb000 ---p 00004000 08:05 1076256                    /usr/lib/jvm/java-8-openjdk-amd64/jre/lib/amd64/libdt_socket.so
7f6d81ecb000-7f6d81ecc000 r--p 00003000 08:05 1076256                    /usr/lib/jvm/java-8-openjdk-amd64/jre/lib/amd64/libdt_socket.so
7f6d81ecc000-7f6d81ecd000 rw-p 00004000 08:05 1076256                    /usr/lib/jvm/java-8-openjdk-amd64/jre/lib/amd64/libdt_socket.so
7f6d81ecd000-7f6d81ed0000 ---p 00000000 00:00 0 
7f6d81ed0000-7f6d81fce000 rw-p 00000000 00:00 0 
7f6d81fce000-7f6d81fd1000 ---p 00000000 00:00 0 
7f6d81fd1000-7f6d820cf000 rw-p 00000000 00:00 0 
7f6d820cf000-7f6d820d2000 ---p 00000000 00:00 0 
7f6d820d2000-7f6d821d0000 rw-p 00000000 00:00 0 
7f6d821d0000-7f6d821d1000 ---p 00000000 00:00 0 
7f6d821d1000-7f6d831e0000 rw-p 00000000 00:00 0 
7f6d831e0000-7f6d833b0000 r--s 03c68000 08:05 666503                     /usr/lib/jvm/java-8-openjdk-amd64/jre/lib/rt.jar
7f6d833b0000-7f6d84000000 rw-p 00000000 00:00 0 
7f6d84000000-7f6d84021000 rw-p 00000000 00:00 0 
7f6d84021000-7f6d88000000 ---p 00000000 00:00 0 
7f6d88000000-7f6d88003000 r--s 0002d000 08:06 2492538                    /home/mar/.m2/repository/org/jboss/jandex/2.1.1.Final/jandex-2.1.1.Final.jar
7f6d88003000-7f6d88008000 r--s 00068000 08:06 1705392                    /home/mar/.m2/repository/antlr/antlr/2.7.7/antlr-2.7.7.jar
7f6d88008000-7f6d88012000 r--s 000b4000 08:06 2492537                    /home/mar/.m2/repository/org/javassist/javassist/3.24.0-GA/javassist-3.24.0-GA.jar
7f6d88012000-7f6d88014000 r--s 0000d000 08:06 2361552                    /home/mar/.m2/repository/org/jboss/logging/jboss-logging/3.4.1.Final/jboss-logging-3.4.1.Final.jar
7f6d88014000-7f6d8bdb4000 rw-p 00000000 00:00 0 
7f6d8bdb4000-7f6d8bdb5000 ---p 00000000 00:00 0 
7f6d8bdb5000-7f6d8beb5000 rw-p 00000000 00:00 0 
7f6d8beb5000-7f6d8beb6000 ---p 00000000 00:00 0 
7f6d8beb6000-7f6d8bfb6000 rw-p 00000000 00:00 0 
7f6d8bfb6000-7f6d8bfb7000 ---p 00000000 00:00 0 
7f6d8bfb7000-7f6d8c0b7000 rw-p 00000000 00:00 0 
7f6d8c0b7000-7f6d8c0b8000 ---p 00000000 00:00 0 
7f6d8c0b8000-7f6d8c1f4000 rw-p 00000000 00:00 0 
7f6d8c1f4000-7f6d8c44a000 ---p 00000000 00:00 0 
7f6d8c44a000-7f6d8c486000 rw-p 00000000 00:00 0 
7f6d8c486000-7f6d8c6db000 ---p 00000000 00:00 0 
7f6d8c6db000-7f6d8c78f000 rw-p 00000000 00:00 0 
7f6d8c78f000-7f6d8c824000 ---p 00000000 00:00 0 
7f6d8c824000-7f6d8c852000 rw-p 00000000 00:00 0 
7f6d8c852000-7f6d8cbe5000 ---p 00000000 00:00 0 
7f6d8cbe5000-7f6d8d725000 rwxp 00000000 00:00 0 
7f6d8d725000-7f6d9bbe5000 ---p 00000000 00:00 0 
7f6d9bbe5000-7f6d9bbed000 r-xp 00000000 08:05 1076268                    /usr/lib/jvm/java-8-openjdk-amd64/jre/lib/amd64/libzip.so
7f6d9bbed000-7f6d9bdec000 ---p 00008000 08:05 1076268                    /usr/lib/jvm/java-8-openjdk-amd64/jre/lib/amd64/libzip.so
7f6d9bdec000-7f6d9bded000 r--p 00007000 08:05 1076268                    /usr/lib/jvm/java-8-openjdk-amd64/jre/lib/amd64/libzip.so
7f6d9bded000-7f6d9bdee000 rw-p 00008000 08:05 1076268                    /usr/lib/jvm/java-8-openjdk-amd64/jre/lib/amd64/libzip.so
7f6d9bdee000-7f6d9bdf9000 r-xp 00000000 08:05 1316338                    /lib/x86_64-linux-gnu/libnss_files-2.23.so
7f6d9bdf9000-7f6d9bff8000 ---p 0000b000 08:05 1316338                    /lib/x86_64-linux-gnu/libnss_files-2.23.so
7f6d9bff8000-7f6d9bff9000 r--p 0000a000 08:05 1316338                    /lib/x86_64-linux-gnu/libnss_files-2.23.so
7f6d9bff9000-7f6d9bffa000 rw-p 0000b000 08:05 1316338                    /lib/x86_64-linux-gnu/libnss_files-2.23.so
7f6d9bffa000-7f6d9c000000 rw-p 00000000 00:00 0 
7f6d9c000000-7f6d9de5d000 rw-p 00000000 00:00 0 
7f6d9de5d000-7f6da0000000 ---p 00000000 00:00 0 
7f6da0000000-7f6da0006000 r--s 00023000 08:06 2492532                    /home/mar/.m2/repository/jakarta/persistence/jakarta.persistence-api/2.2.3/jakarta.persistence-api-2.2.3.jar
7f6da0006000-7f6da0008000 r--s 00009000 08:06 2361634                    /home/mar/.m2/repository/jakarta/activation/jakarta.activation-api/1.2.1/jakarta.activation-api-1.2.1.jar
7f6da0008000-7f6da0012000 r--s 0005a000 08:06 2492527                    /home/mar/.m2/repository/org/springframework/spring-jdbc/5.2.3.RELEASE/spring-jdbc-5.2.3.RELEASE.jar
7f6da0012000-7f6da0015000 r--s 00023000 08:06 2492528                    /home/mar/.m2/repository/com/zaxxer/HikariCP/3.4.2/HikariCP-3.4.2.jar
7f6da0015000-7f6da002e000 r--s 001da000 08:06 2362881                    /home/mar/.m2/repository/org/aspectj/aspectjweaver/1.9.5/aspectjweaver-1.9.5.jar
7f6da002e000-7f6da0049000 r--s 001d6000 08:05 927015                     /usr/lib/jvm/java-8-openjdk-amd64/jre/lib/ext/nashorn.jar
7f6da0049000-7f6da0064000 r--s 00394000 08:05 927018                     /usr/lib/jvm/java-8-openjdk-amd64/jre/lib/ext/cldrdata.jar
7f6da0064000-7f6da006f000 r-xp 00000000 08:05 1316348                    /lib/x86_64-linux-gnu/libnss_nis-2.23.so
7f6da006f000-7f6da026e000 ---p 0000b000 08:05 1316348                    /lib/x86_64-linux-gnu/libnss_nis-2.23.so
7f6da026e000-7f6da026f000 r--p 0000a000 08:05 1316348                    /lib/x86_64-linux-gnu/libnss_nis-2.23.so
7f6da026f000-7f6da0270000 rw-p 0000b000 08:05 1316348                    /lib/x86_64-linux-gnu/libnss_nis-2.23.so
7f6da0270000-7f6da0286000 r-xp 00000000 08:05 1316332                    /lib/x86_64-linux-gnu/libnsl-2.23.so
7f6da0286000-7f6da0485000 ---p 00016000 08:05 1316332                    /lib/x86_64-linux-gnu/libnsl-2.23.so
7f6da0485000-7f6da0486000 r--p 00015000 08:05 1316332                    /lib/x86_64-linux-gnu/libnsl-2.23.so
7f6da0486000-7f6da0487000 rw-p 00016000 08:05 1316332                    /lib/x86_64-linux-gnu/libnsl-2.23.so
7f6da0487000-7f6da0489000 rw-p 00000000 00:00 0 
7f6da0489000-7f6da0491000 r-xp 00000000 08:05 1316334                    /lib/x86_64-linux-gnu/libnss_compat-2.23.so
7f6da0491000-7f6da0690000 ---p 00008000 08:05 1316334                    /lib/x86_64-linux-gnu/libnss_compat-2.23.so
7f6da0690000-7f6da0691000 r--p 00007000 08:05 1316334                    /lib/x86_64-linux-gnu/libnss_compat-2.23.so
7f6da0691000-7f6da0692000 rw-p 00008000 08:05 1316334                    /lib/x86_64-linux-gnu/libnss_compat-2.23.so
7f6da0692000-7f6da069c000 r-xp 00000000 08:05 1076261                    /usr/lib/jvm/java-8-openjdk-amd64/jre/lib/amd64/libinstrument.so
7f6da069c000-7f6da089b000 ---p 0000a000 08:05 1076261                    /usr/lib/jvm/java-8-openjdk-amd64/jre/lib/amd64/libinstrument.so
7f6da089b000-7f6da089c000 r--p 00009000 08:05 1076261                    /usr/lib/jvm/java-8-openjdk-amd64/jre/lib/amd64/libinstrument.so
7f6da089c000-7f6da089d000 rw-p 0000a000 08:05 1076261                    /usr/lib/jvm/java-8-openjdk-amd64/jre/lib/amd64/libinstrument.so
7f6da089d000-7f6da125d000 r--p 00000000 08:05 139143                     /usr/lib/locale/locale-archive
7f6da125d000-7f6da125f000 r-xp 00000000 08:05 1076258                    /usr/lib/jvm/java-8-openjdk-amd64/jre/lib/amd64/libnpt.so
7f6da125f000-7f6da145f000 ---p 00002000 08:05 1076258                    /usr/lib/jvm/java-8-openjdk-amd64/jre/lib/amd64/libnpt.so
7f6da145f000-7f6da1460000 r--p 00002000 08:05 1076258                    /usr/lib/jvm/java-8-openjdk-amd64/jre/lib/amd64/libnpt.so
7f6da1460000-7f6da1461000 rw-p 00003000 08:05 1076258                    /usr/lib/jvm/java-8-openjdk-amd64/jre/lib/amd64/libnpt.so
7f6da1461000-7f6da149c000 r-xp 00000000 08:05 1076269                    /usr/lib/jvm/java-8-openjdk-amd64/jre/lib/amd64/libjdwp.so
7f6da149c000-7f6da169c000 ---p 0003b000 08:05 1076269                    /usr/lib/jvm/java-8-openjdk-amd64/jre/lib/amd64/libjdwp.so
7f6da169c000-7f6da169d000 r--p 0003b000 08:05 1076269                    /usr/lib/jvm/java-8-openjdk-amd64/jre/lib/amd64/libjdwp.so
7f6da169d000-7f6da169e000 rw-p 0003c000 08:05 1076269                    /usr/lib/jvm/java-8-openjdk-amd64/jre/lib/amd64/libjdwp.so
7f6da169e000-7f6da16c7000 r-xp 00000000 08:05 1076280                    /usr/lib/jvm/java-8-openjdk-amd64/jre/lib/amd64/libjava.so
7f6da16c7000-7f6da18c7000 ---p 00029000 08:05 1076280                    /usr/lib/jvm/java-8-openjdk-amd64/jre/lib/amd64/libjava.so
7f6da18c7000-7f6da18c8000 r--p 00029000 08:05 1076280                    /usr/lib/jvm/java-8-openjdk-amd64/jre/lib/amd64/libjava.so
7f6da18c8000-7f6da18ca000 rw-p 0002a000 08:05 1076280                    /usr/lib/jvm/java-8-openjdk-amd64/jre/lib/amd64/libjava.so
7f6da18ca000-7f6da18d9000 r-xp 00000000 08:05 1076264                    /usr/lib/jvm/java-8-openjdk-amd64/jre/lib/amd64/libverify.so
7f6da18d9000-7f6da1ad8000 ---p 0000f000 08:05 1076264                    /usr/lib/jvm/java-8-openjdk-amd64/jre/lib/amd64/libverify.so
7f6da1ad8000-7f6da1ada000 r--p 0000e000 08:05 1076264                    /usr/lib/jvm/java-8-openjdk-amd64/jre/lib/amd64/libverify.so
7f6da1ada000-7f6da1adb000 rw-p 00010000 08:05 1076264                    /usr/lib/jvm/java-8-openjdk-amd64/jre/lib/amd64/libverify.so
7f6da1adb000-7f6da1ae2000 r-xp 00000000 08:05 1316393                    /lib/x86_64-linux-gnu/librt-2.23.so
7f6da1ae2000-7f6da1ce1000 ---p 00007000 08:05 1316393                    /lib/x86_64-linux-gnu/librt-2.23.so
7f6da1ce1000-7f6da1ce2000 r--p 00006000 08:05 1316393                    /lib/x86_64-linux-gnu/librt-2.23.so
7f6da1ce2000-7f6da1ce3000 rw-p 00007000 08:05 1316393                    /lib/x86_64-linux-gnu/librt-2.23.so
7f6da1ce3000-7f6da1cfa000 r-xp 00000000 08:05 1336751                    /lib/x86_64-linux-gnu/libgcc_s.so.1
7f6da1cfa000-7f6da1ef9000 ---p 00017000 08:05 1336751                    /lib/x86_64-linux-gnu/libgcc_s.so.1
7f6da1ef9000-7f6da1efa000 r--p 00016000 08:05 1336751                    /lib/x86_64-linux-gnu/libgcc_s.so.1
7f6da1efa000-7f6da1efb000 rw-p 00017000 08:05 1336751                    /lib/x86_64-linux-gnu/libgcc_s.so.1
7f6da1efb000-7f6da2003000 r-xp 00000000 08:05 1316309                    /lib/x86_64-linux-gnu/libm-2.23.so
7f6da2003000-7f6da2202000 ---p 00108000 08:05 1316309                    /lib/x86_64-linux-gnu/libm-2.23.so
7f6da2202000-7f6da2203000 r--p 00107000 08:05 1316309                    /lib/x86_64-linux-gnu/libm-2.23.so
7f6da2203000-7f6da2204000 rw-p 00108000 08:05 1316309                    /lib/x86_64-linux-gnu/libm-2.23.so
7f6da2204000-7f6da23d7000 r-xp 00000000 08:05 156779                     /usr/lib/x86_64-linux-gnu/libstdc++.so.6.0.28
7f6da23d7000-7f6da25d6000 ---p 001d3000 08:05 156779                     /usr/lib/x86_64-linux-gnu/libstdc++.so.6.0.28
7f6da25d6000-7f6da25e1000 r--p 001d2000 08:05 156779                     /usr/lib/x86_64-linux-gnu/libstdc++.so.6.0.28
7f6da25e1000-7f6da25e4000 rw-p 001dd000 08:05 156779                     /usr/lib/x86_64-linux-gnu/libstdc++.so.6.0.28
7f6da25e4000-7f6da25e7000 rw-p 00000000 00:00 0 
7f6da25e7000-7f6da324f000 r-xp 00000000 08:05 1445012                    /usr/lib/jvm/java-8-openjdk-amd64/jre/lib/amd64/server/libjvm.so
7f6da324f000-7f6da344f000 ---p 00c68000 08:05 1445012                    /usr/lib/jvm/java-8-openjdk-amd64/jre/lib/amd64/server/libjvm.so
7f6da344f000-7f6da34e3000 r--p 00c68000 08:05 1445012                    /usr/lib/jvm/java-8-openjdk-amd64/jre/lib/amd64/server/libjvm.so
7f6da34e3000-7f6da350c000 rw-p 00cfc000 08:05 1445012                    /usr/lib/jvm/java-8-openjdk-amd64/jre/lib/amd64/server/libjvm.so
7f6da350c000-7f6da353c000 rw-p 00000000 00:00 0 
7f6da353c000-7f6da3554000 r-xp 00000000 08:05 1316385                    /lib/x86_64-linux-gnu/libpthread-2.23.so
7f6da3554000-7f6da3753000 ---p 00018000 08:05 1316385                    /lib/x86_64-linux-gnu/libpthread-2.23.so
7f6da3753000-7f6da3754000 r--p 00017000 08:05 1316385                    /lib/x86_64-linux-gnu/libpthread-2.23.so
7f6da3754000-7f6da3755000 rw-p 00018000 08:05 1316385                    /lib/x86_64-linux-gnu/libpthread-2.23.so
7f6da3755000-7f6da3759000 rw-p 00000000 00:00 0 
7f6da3759000-7f6da375c000 r-xp 00000000 08:05 1316263                    /lib/x86_64-linux-gnu/libdl-2.23.so
7f6da375c000-7f6da395b000 ---p 00003000 08:05 1316263                    /lib/x86_64-linux-gnu/libdl-2.23.so
7f6da395b000-7f6da395c000 r--p 00002000 08:05 1316263                    /lib/x86_64-linux-gnu/libdl-2.23.so
7f6da395c000-7f6da395d000 rw-p 00003000 08:05 1316263                    /lib/x86_64-linux-gnu/libdl-2.23.so
7f6da395d000-7f6da3976000 r-xp 00000000 08:05 1316174                    /lib/x86_64-linux-gnu/libz.so.1.2.8
7f6da3976000-7f6da3b75000 ---p 00019000 08:05 1316174                    /lib/x86_64-linux-gnu/libz.so.1.2.8
7f6da3b75000-7f6da3b76000 r--p 00018000 08:05 1316174                    /lib/x86_64-linux-gnu/libz.so.1.2.8
7f6da3b76000-7f6da3b77000 rw-p 00019000 08:05 1316174                    /lib/x86_64-linux-gnu/libz.so.1.2.8
7f6da3b77000-7f6da3d37000 r-xp 00000000 08:05 1316239                    /lib/x86_64-linux-gnu/libc-2.23.so
7f6da3d37000-7f6da3f37000 ---p 001c0000 08:05 1316239                    /lib/x86_64-linux-gnu/libc-2.23.so
7f6da3f37000-7f6da3f3b000 r--p 001c0000 08:05 1316239                    /lib/x86_64-linux-gnu/libc-2.23.so
7f6da3f3b000-7f6da3f3d000 rw-p 001c4000 08:05 1316239                    /lib/x86_64-linux-gnu/libc-2.23.so
7f6da3f3d000-7f6da3f41000 rw-p 00000000 00:00 0 
7f6da3f41000-7f6da3f4e000 r-xp 00000000 08:05 1076272                    /usr/lib/jvm/java-8-openjdk-amd64/jre/lib/amd64/jli/libjli.so
7f6da3f4e000-7f6da414e000 ---p 0000d000 08:05 1076272                    /usr/lib/jvm/java-8-openjdk-amd64/jre/lib/amd64/jli/libjli.so
7f6da414e000-7f6da414f000 r--p 0000d000 08:05 1076272                    /usr/lib/jvm/java-8-openjdk-amd64/jre/lib/amd64/jli/libjli.so
7f6da414f000-7f6da4150000 rw-p 0000e000 08:05 1076272                    /usr/lib/jvm/java-8-openjdk-amd64/jre/lib/amd64/jli/libjli.so
7f6da4150000-7f6da4176000 r-xp 00000000 08:05 1316211                    /lib/x86_64-linux-gnu/ld-2.23.so
7f6da4176000-7f6da4177000 r--s 00003000 08:06 2492533                    /home/mar/.m2/repository/jakarta/transaction/jakarta.transaction-api/1.3.3/jakarta.transaction-api-1.3.3.jar
7f6da4177000-7f6da4178000 r--s 00000000 08:06 2492529                    /home/mar/.m2/repository/org/springframework/boot/spring-boot-starter-jdbc/2.2.4.RELEASE/spring-boot-starter-jdbc-2.2.4.RELEASE.jar
7f6da4178000-7f6da4179000 r--s 00000000 08:06 1706137                    /home/mar/.m2/repository/org/springframework/boot/spring-boot-starter-aop/2.2.4.RELEASE/spring-boot-starter-aop-2.2.4.RELEASE.jar
7f6da4179000-7f6da417a000 r--s 00000000 08:06 1706135                    /home/mar/.m2/repository/org/springframework/boot/spring-boot-starter-data-jpa/2.2.4.RELEASE/spring-boot-starter-data-jpa-2.2.4.RELEASE.jar
7f6da417a000-7f6da417f000 r--s 0003d000 08:05 927019                     /usr/lib/jvm/java-8-openjdk-amd64/jre/lib/ext/sunjce_provider.jar
7f6da417f000-7f6da4180000 r--s 00010000 08:05 927021                     /usr/lib/jvm/java-8-openjdk-amd64/jre/lib/ext/zipfs.jar
7f6da4180000-7f6da4184000 r--s 0003a000 08:05 927016                     /usr/lib/jvm/java-8-openjdk-amd64/jre/lib/ext/sunpkcs11.jar
7f6da4184000-7f6da4186000 r--s 00001000 08:05 927020                     /usr/lib/jvm/java-8-openjdk-amd64/jre/lib/ext/dnsns.jar
7f6da4186000-7f6da4256000 rw-p 00000000 00:00 0 
7f6da4256000-7f6da4259000 ---p 00000000 00:00 0 
7f6da4259000-7f6da435b000 rw-p 00000000 00:00 0 
7f6da435b000-7f6da435c000 r--s 0000a000 08:05 927023                     /usr/lib/jvm/java-8-openjdk-amd64/jre/lib/ext/jaccess.jar
7f6da435c000-7f6da435f000 r--s 0000f000 08:05 927024                     /usr/lib/jvm/java-8-openjdk-amd64/jre/lib/ext/icedtea-sound.jar
7f6da435f000-7f6da4369000 r--s 00116000 08:05 927017                     /usr/lib/jvm/java-8-openjdk-amd64/jre/lib/ext/localedata.jar
7f6da4369000-7f6da436a000 r--s 0000d000 08:05 927022                     /usr/lib/jvm/java-8-openjdk-amd64/jre/lib/ext/sunec.jar
7f6da436a000-7f6da4372000 rw-s 00000000 08:05 2752598                    /tmp/hsperfdata_mar/7596
7f6da4372000-7f6da4373000 rw-p 00000000 00:00 0 
7f6da4373000-7f6da4374000 ---p 00000000 00:00 0 
7f6da4374000-7f6da4375000 rw-p 00000000 00:00 0 
7f6da4375000-7f6da4376000 r--p 00025000 08:05 1316211                    /lib/x86_64-linux-gnu/ld-2.23.so
7f6da4376000-7f6da4377000 rw-p 00026000 08:05 1316211                    /lib/x86_64-linux-gnu/ld-2.23.so
7f6da4377000-7f6da4378000 rw-p 00000000 00:00 0 
7ffcd3cd6000-7ffcd3cfa000 rw-p 00000000 00:00 0                          [stack]
7ffcd3db5000-7ffcd3db8000 r--p 00000000 00:00 0                          [vvar]
7ffcd3db8000-7ffcd3dba000 r-xp 00000000 00:00 0                          [vdso]
ffffffffff600000-ffffffffff601000 r-xp 00000000 00:00 0                  [vsyscall]

VM Arguments:
jvm_args: -agentlib:jdwp=transport=dt_socket,suspend=y,address=localhost:38289 -Dcom.sun.management.jmxremote -Dcom.sun.management.jmxremote.port=45205 -Dcom.sun.management.jmxremote.authenticate=false -Dcom.sun.management.jmxremote.ssl=false -Djava.rmi.server.hostname=localhost -Dspring.jmx.enabled=true -Dspring.application.admin.enabled=true -Djava.security.egd=file:/dev/./urandom -Xverify:none -XX:TieredStopAtLevel=1 -Dspring.boot.project.name=saraha -javaagent:/media/mar/0C44DD8444DD7146/BackEnd/Programs/Linux/sts-4.6.0.RELEASE/configuration/org.eclipse.osgi/239/0/.cp/lib/javaagent-shaded.jar -Dfile.encoding=UTF-8 
java_command: com.saraha.demo.Springboot2AuthserverApplication --spring.output.ansi.enabled=always
java_class_path (initial): /media/mar/0C44DD8444DD7146/BackEnd/Projects/saraha/target/classes:/home/mar/.m2/repository/org/springframework/boot/spring-boot-starter-data-jpa/2.2.4.RELEASE/spring-boot-starter-data-jpa-2.2.4.RELEASE.jar:/home/mar/.m2/repository/org/springframework/boot/spring-boot-starter-aop/2.2.4.RELEASE/spring-boot-starter-aop-2.2.4.RELEASE.jar:/home/mar/.m2/repository/org/aspectj/aspectjweaver/1.9.5/aspectjweaver-1.9.5.jar:/home/mar/.m2/repository/org/springframework/boot/spring-boot-starter-jdbc/2.2.4.RELEASE/spring-boot-starter-jdbc-2.2.4.RELEASE.jar:/home/mar/.m2/repository/com/zaxxer/HikariCP/3.4.2/HikariCP-3.4.2.jar:/home/mar/.m2/repository/org/springframework/spring-jdbc/5.2.3.RELEASE/spring-jdbc-5.2.3.RELEASE.jar:/home/mar/.m2/repository/jakarta/activation/jakarta.activation-api/1.2.1/jakarta.activation-api-1.2.1.jar:/home/mar/.m2/repository/jakarta/persistence/jakarta.persistence-api/2.2.3/jakarta.persistence-api-2.2.3.jar:/home/mar/.m2/repository/jakarta/transaction/jakarta.transaction-api/1.3.3/jakarta.transaction-api-1.3.3.jar:/home/mar/.m2/repository/org/hibernate/hibernate-core/5.4.10.Final/hibernate-core-5.4.10.Final.jar:/home/mar/.m2/repository/org/jboss/logging/jboss-logging/3.4.1.Final/jboss-logging-3.4.1.Final.jar:/home/mar/.m2/repository/org/javassist/javassist/3.24.0-GA/javassist-3.24.0-GA.jar:/home/mar/.m2/repository/net/bytebuddy/byte-buddy/1.10.6/byte-buddy-1.10.6.jar:/home/mar/.m2/repository/antlr/antlr/2.7.7/antlr-2.7.7.jar:/home/mar/.m2/repository/org/jboss/jandex/2.1.1.Final/jandex-2.1.1.Final.jar:/home/mar/.m2/repository/org/dom4j/dom4j/2.1.1/dom4j-2.1.1.jar:/home/mar/.m2/repository/org/hibernate/common/hibernate-commons-annotations/5.1.0.Final/hibernate-commons-annotations-5.1.0.Final.jar:/home/mar/.m2/repository/org/glassfish/jaxb/jaxb-runtime/2.3.2/jaxb-runtime-2.3.2.jar:/home/mar/.m2/repository/org/glassfish/jaxb/txw2/2.3.2/txw2-2.3.2.jar:/home/mar/.m2/repository/com/sun/istack/istack-commons-runtime/3.0.8/istack-c
Launcher Type: SUN_STANDARD

Environment Variables:
PATH=/home/mar/bin:/home/mar/.local/bin:/usr/local/sbin:/usr/local/bin:/usr/sbin:/usr/bin:/sbin:/bin:/usr/games:/usr/local/games:/snap/bin
SHELL=/bin/bash
DISPLAY=:0

Signal Handlers:
SIGSEGV: [libjvm.so+0xa7b8f0], sa_mask[0]=11111111011111111101111111111110, sa_flags=SA_RESTART|SA_SIGINFO
SIGBUS: [libjvm.so+0xa7b8f0], sa_mask[0]=11111111011111111101111111111110, sa_flags=SA_RESTART|SA_SIGINFO
SIGFPE: [libjvm.so+0x8c3a90], sa_mask[0]=11111111011111111101111111111110, sa_flags=SA_RESTART|SA_SIGINFO
SIGPIPE: [libjvm.so+0x8c3a90], sa_mask[0]=11111111011111111101111111111110, sa_flags=SA_RESTART|SA_SIGINFO
SIGXFSZ: [libjvm.so+0x8c3a90], sa_mask[0]=11111111011111111101111111111110, sa_flags=SA_RESTART|SA_SIGINFO
SIGILL: [libjvm.so+0x8c3a90], sa_mask[0]=11111111011111111101111111111110, sa_flags=SA_RESTART|SA_SIGINFO
SIGUSR1: SIG_DFL, sa_mask[0]=00000000000000000000000000000000, sa_flags=none
SIGUSR2: [libjvm.so+0x8c3940], sa_mask[0]=00100000000000000000000000000000, sa_flags=SA_RESTART|SA_SIGINFO
SIGHUP: [libjvm.so+0x8c3fd0], sa_mask[0]=11111111011111111101111111111110, sa_flags=SA_RESTART|SA_SIGINFO
SIGINT: [libjvm.so+0x8c3fd0], sa_mask[0]=11111111011111111101111111111110, sa_flags=SA_RESTART|SA_SIGINFO
SIGTERM: [libjvm.so+0x8c3fd0], sa_mask[0]=11111111011111111101111111111110, sa_flags=SA_RESTART|SA_SIGINFO
SIGQUIT: [libjvm.so+0x8c3fd0], sa_mask[0]=11111111011111111101111111111110, sa_flags=SA_RESTART|SA_SIGINFO


---------------  S Y S T E M  ---------------

OS:DISTRIB_ID=Ubuntu
DISTRIB_RELEASE=16.04
DISTRIB_CODENAME=xenial
DISTRIB_DESCRIPTION="Ubuntu 16.04.6 LTS"

uname:Linux 4.15.0-96-generic #97~16.04.1-Ubuntu SMP Wed Apr 1 03:03:31 UTC 2020 x86_64
libc:glibc 2.23 NPTL 2.23 
rlimit: STACK 8192k, CORE 0k, NPROC 31312, NOFILE 1048576, AS infinity
load average:1.38 1.64 1.86

/proc/meminfo:
MemTotal:        8077052 kB
MemFree:         2093136 kB
MemAvailable:    4155108 kB
Buffers:          397104 kB
Cached:          2170716 kB
SwapCached:            0 kB
Active:          3961336 kB
Inactive:        1730080 kB
Active(anon):    3125440 kB
Inactive(anon):   335900 kB
Active(file):     835896 kB
Inactive(file):  1394180 kB
Unevictable:         120 kB
Mlocked:             120 kB
SwapTotal:             0 kB
SwapFree:              0 kB
Dirty:               560 kB
Writeback:             0 kB
AnonPages:       3123764 kB
Mapped:           575884 kB
Shmem:            337696 kB
Slab:             152052 kB
SReclaimable:     102912 kB
SUnreclaim:        49140 kB
KernelStack:       14512 kB
PageTables:        54228 kB
NFS_Unstable:          0 kB
Bounce:                0 kB
WritebackTmp:          0 kB
CommitLimit:     4038524 kB
Committed_AS:   10479428 kB
VmallocTotal:   34359738367 kB
VmallocUsed:           0 kB
VmallocChunk:          0 kB
HardwareCorrupted:     0 kB
AnonHugePages:         0 kB
ShmemHugePages:        0 kB
ShmemPmdMapped:        0 kB
CmaTotal:              0 kB
CmaFree:               0 kB
HugePages_Total:       0
HugePages_Free:        0
HugePages_Rsvd:        0
HugePages_Surp:        0
Hugepagesize:       2048 kB
DirectMap4k:      279456 kB
DirectMap2M:     6969344 kB
DirectMap1G:     1048576 kB

container (cgroup) information:
container_type: cgroupv1
cpu_cpuset_cpus: 0-3
cpu_memory_nodes: 0
active_processor_count: 4
cpu_quota: -1
cpu_period: 100000
cpu_shares: -1
memory_limit_in_bytes: -1
memory_and_swap_limit_in_bytes: -2
memory_soft_limit_in_bytes: -1
memory_usage_in_bytes: 5828214784
memory_max_usage_in_bytes: 0


CPU:total 4 (initial active 4) (2 cores per cpu, 2 threads per core) family 6 model 61 stepping 4, cmov, cx8, fxsr, mmx, sse, sse2, sse3, ssse3, sse4.1, sse4.2, popcnt, avx, avx2, aes, clmul, erms, 3dnowpref, lzcnt, ht, tsc, tscinvbit, bmi1, bmi2, adx

/proc/cpuinfo:
processor	: 0
vendor_id	: GenuineIntel
cpu family	: 6
model		: 61
model name	: Intel(R) Core(TM) i5-5200U CPU @ 2.20GHz
stepping	: 4
microcode	: 0x2e
cpu MHz		: 2494.271
cache size	: 3072 KB
physical id	: 0
siblings	: 4
core id		: 0
cpu cores	: 2
apicid		: 0
initial apicid	: 0
fpu		: yes
fpu_exception	: yes
cpuid level	: 20
wp		: yes
flags		: fpu vme de pse tsc msr pae mce cx8 apic sep mtrr pge mca cmov pat pse36 clflush dts acpi mmx fxsr sse sse2 ss ht tm pbe syscall nx pdpe1gb rdtscp lm constant_tsc arch_perfmon pebs bts rep_good nopl xtopology nonstop_tsc cpuid aperfmperf pni pclmulqdq dtes64 monitor ds_cpl vmx est tm2 ssse3 sdbg fma cx16 xtpr pdcm pcid sse4_1 sse4_2 x2apic movbe popcnt tsc_deadline_timer aes xsave avx f16c rdrand lahf_lm abm 3dnowprefetch cpuid_fault epb invpcid_single pti ssbd ibrs ibpb stibp tpr_shadow vnmi flexpriority ept vpid fsgsbase tsc_adjust bmi1 avx2 smep bmi2 erms invpcid rdseed adx smap intel_pt xsaveopt dtherm ida arat pln pts md_clear flush_l1d
bugs		: cpu_meltdown spectre_v1 spectre_v2 spec_store_bypass l1tf mds swapgs itlb_multihit
bogomips	: 4389.91
clflush size	: 64
cache_alignment	: 64
address sizes	: 39 bits physical, 48 bits virtual
power management:

processor	: 1
vendor_id	: GenuineIntel
cpu family	: 6
model		: 61
model name	: Intel(R) Core(TM) i5-5200U CPU @ 2.20GHz
stepping	: 4
microcode	: 0x2e
cpu MHz		: 2588.667
cache size	: 3072 KB
physical id	: 0
siblings	: 4
core id		: 1
cpu cores	: 2
apicid		: 2
initial apicid	: 2
fpu		: yes
fpu_exception	: yes
cpuid level	: 20
wp		: yes
flags		: fpu vme de pse tsc msr pae mce cx8 apic sep mtrr pge mca cmov pat pse36 clflush dts acpi mmx fxsr sse sse2 ss ht tm pbe syscall nx pdpe1gb rdtscp lm constant_tsc arch_perfmon pebs bts rep_good nopl xtopology nonstop_tsc cpuid aperfmperf pni pclmulqdq dtes64 monitor ds_cpl vmx est tm2 ssse3 sdbg fma cx16 xtpr pdcm pcid sse4_1 sse4_2 x2apic movbe popcnt tsc_deadline_timer aes xsave avx f16c rdrand lahf_lm abm 3dnowprefetch cpuid_fault epb invpcid_single pti ssbd ibrs ibpb stibp tpr_shadow vnmi flexpriority ept vpid fsgsbase tsc_adjust bmi1 avx2 smep bmi2 erms invpcid rdseed adx smap intel_pt xsaveopt dtherm ida arat pln pts md_clear flush_l1d
bugs		: cpu_meltdown spectre_v1 spectre_v2 spec_store_bypass l1tf mds swapgs itlb_multihit
bogomips	: 4389.91
clflush size	: 64
cache_alignment	: 64
address sizes	: 39 bits physical, 48 bits virtual
power management:

processor	: 2
vendor_id	: GenuineIntel
cpu family	: 6
model		: 61
model name	: Intel(R) Core(TM) i5-5200U CPU @ 2.20GHz
stepping	: 4
microcode	: 0x2e
cpu MHz		: 2494.258
cache size	: 3072 KB
physical id	: 0
siblings	: 4
core id		: 0
cpu cores	: 2
apicid		: 1
initial apicid	: 1
fpu		: yes
fpu_exception	: yes
cpuid level	: 20
wp		: yes
flags		: fpu vme de pse tsc msr pae mce cx8 apic sep mtrr pge mca cmov pat pse36 clflush dts acpi mmx fxsr sse sse2 ss ht tm pbe syscall nx pdpe1gb rdtscp lm constant_tsc arch_perfmon pebs bts rep_good nopl xtopology nonstop_tsc cpuid aperfmperf pni pclmulqdq dtes64 monitor ds_cpl vmx est tm2 ssse3 sdbg fma cx16 xtpr pdcm pcid sse4_1 sse4_2 x2apic movbe popcnt tsc_deadline_timer aes xsave avx f16c rdrand lahf_lm abm 3dnowprefetch cpuid_fault epb invpcid_single pti ssbd ibrs ibpb stibp tpr_shadow vnmi flexpriority ept vpid fsgsbase tsc_adjust bmi1 avx2 smep bmi2 erms invpcid rdseed adx smap intel_pt xsaveopt dtherm ida arat pln pts md_clear flush_l1d
bugs		: cpu_meltdown spectre_v1 spectre_v2 spec_store_bypass l1tf mds swapgs itlb_multihit
bogomips	: 4389.91
clflush size	: 64
cache_alignment	: 64
address sizes	: 39 bits physical, 48 bits virtual
power management:

processor	: 3
vendor_id	: GenuineIntel
cpu family	: 6
model		: 61
model name	: Intel(R) Core(TM) i5-5200U CPU @ 2.20GHz
stepping	: 4
microcode	: 0x2e
cpu MHz		: 2524.548
cache size	: 3072 KB
physical id	: 0
siblings	: 4
core id		: 1
cpu cores	: 2
apicid		: 3
initial apicid	: 3
fpu		: yes
fpu_exception	: yes
cpuid level	: 20
wp		: yes
flags		: fpu vme de pse tsc msr pae mce cx8 apic sep mtrr pge mca cmov pat pse36 clflush dts acpi mmx fxsr sse sse2 ss ht tm pbe syscall nx pdpe1gb rdtscp lm constant_tsc arch_perfmon pebs bts rep_good nopl xtopology nonstop_tsc cpuid aperfmperf pni pclmulqdq dtes64 monitor ds_cpl vmx est tm2 ssse3 sdbg fma cx16 xtpr pdcm pcid sse4_1 sse4_2 x2apic movbe popcnt tsc_deadline_timer aes xsave avx f16c rdrand lahf_lm abm 3dnowprefetch cpuid_fault epb invpcid_single pti ssbd ibrs ibpb stibp tpr_shadow vnmi flexpriority ept vpid fsgsbase tsc_adjust bmi1 avx2 smep bmi2 erms invpcid rdseed adx smap intel_pt xsaveopt dtherm ida arat pln pts md_clear flush_l1d
bugs		: cpu_meltdown spectre_v1 spectre_v2 spec_store_bypass l1tf mds swapgs itlb_multihit
bogomips	: 4389.91
clflush size	: 64
cache_alignment	: 64
address sizes	: 39 bits physical, 48 bits virtual
power management:



Memory: 4k page, physical 8077052k(2093136k free), swap 0k(0k free)

vm_info: OpenJDK 64-Bit Server VM (25.242-b08) for linux-amd64 JRE (1.8.0_242-8u242-b08-0ubuntu3~16.04-b08), built on Jan 18 2020 03:34:56 by "buildd" with gcc 5.4.0 20160609

time: Sat Apr 11 18:48:11 2020
timezone: EET
elapsed time: 210 seconds (0d 0h 3m 30s)

